2019-12-12 13:18:11.3458||INFO|Microsoft.AspNetCore.DataProtection.KeyManagement.XmlKeyManager|User profile is available. Using 'C:\Users\vovak\AppData\Local\ASP.NET\DataProtection-Keys' as key repository and Windows DPAPI to encrypt keys at rest. 
2019-12-12 13:18:13.6531|1|INFO|Microsoft.AspNetCore.Hosting.Internal.WebHost|Request starting HTTP/1.1 GET https://localhost:5001/   
2019-12-12 13:18:14.0782|2|INFO|Microsoft.AspNetCore.Hosting.Internal.WebHost|Request finished in 424.0379ms 404  
2019-12-12 13:18:44.7537|1|INFO|Microsoft.AspNetCore.Hosting.Internal.WebHost|Request starting HTTP/1.1 GET http://localhost:5000/cities/ application/json 110 
2019-12-12 13:18:44.8235|3|INFO|Microsoft.AspNetCore.Mvc.Internal.ControllerActionInvoker|Route matched with {action = "List", controller = "City"}. Executing controller action with signature Microsoft.AspNetCore.Mvc.IActionResult List() on controller CityApp.Controllers.CityController (CityApp). 
2019-12-12 13:18:44.8470|1|INFO|Microsoft.AspNetCore.Mvc.Internal.ControllerActionInvoker|Executing action method CityApp.Controllers.CityController.List (CityApp) - Validation state: Valid 
2019-12-12 13:18:44.8554|2|INFO|Microsoft.AspNetCore.Mvc.Internal.ControllerActionInvoker|Executed action method CityApp.Controllers.CityController.List (CityApp), returned result Microsoft.AspNetCore.Mvc.OkObjectResult in 2.4745ms. 
2019-12-12 13:18:44.8554|1|INFO|Microsoft.AspNetCore.Mvc.Infrastructure.ObjectResultExecutor|Executing ObjectResult, writing value of type 'System.Linq.OrderedEnumerable`2[[CityApp.WiewModels.CityViewModel, CityApp, Version=1.0.0.0, Culture=neutral, PublicKeyToken=null],[System.String, System.Private.CoreLib, Version=4.0.0.0, Culture=neutral, PublicKeyToken=7cec85d7bea7798e]]'. 
2019-12-12 13:18:44.9833|2|INFO|Microsoft.AspNetCore.Mvc.Internal.ControllerActionInvoker|Executed action CityApp.Controllers.CityController.List (CityApp) in 155.0845ms 
2019-12-12 13:18:44.9833|2|INFO|Microsoft.AspNetCore.Hosting.Internal.WebHost|Request finished in 232.213ms 200 application/json; charset=utf-8 
2019-12-12 13:18:44.9980|32|INFO|Microsoft.AspNetCore.Server.Kestrel|Connection id "0HLRUTIC3L6T2", Request id "0HLRUTIC3L6T2:00000001": the application completed without reading the entire request body. 
2019-12-12 13:19:23.6862|1|INFO|Microsoft.AspNetCore.Hosting.Internal.WebHost|Request starting HTTP/1.1 GET http://localhost:5000/cities/e745c69a76bc4b53b4dd13fb64c51f81 application/json 110 
2019-12-12 13:19:23.7190|3|INFO|Microsoft.AspNetCore.Mvc.Internal.ControllerActionInvoker|Route matched with {action = "Get", controller = "City"}. Executing controller action with signature Microsoft.AspNetCore.Mvc.IActionResult Get(System.Guid) on controller CityApp.Controllers.CityController (CityApp). 
2019-12-12 13:19:23.7636|1|INFO|Microsoft.AspNetCore.Mvc.Internal.ControllerActionInvoker|Executing action method CityApp.Controllers.CityController.Get (CityApp) - Validation state: Valid 
2019-12-12 13:19:23.7636|2|INFO|Microsoft.AspNetCore.Mvc.Internal.ControllerActionInvoker|Executed action method CityApp.Controllers.CityController.Get (CityApp), returned result Microsoft.AspNetCore.Mvc.OkObjectResult in 3.0158ms. 
2019-12-12 13:19:23.7636|1|INFO|Microsoft.AspNetCore.Mvc.Infrastructure.ObjectResultExecutor|Executing ObjectResult, writing value of type 'CityApp.WiewModels.DetailCityViewModel'. 
2019-12-12 13:19:23.7765|2|INFO|Microsoft.AspNetCore.Mvc.Internal.ControllerActionInvoker|Executed action CityApp.Controllers.CityController.Get (CityApp) in 56.4655ms 
2019-12-12 13:19:23.7765|2|INFO|Microsoft.AspNetCore.Hosting.Internal.WebHost|Request finished in 96.5877ms 200 application/json; charset=utf-8 
2019-12-12 13:19:23.7765|32|INFO|Microsoft.AspNetCore.Server.Kestrel|Connection id "0HLRUTIC3L6T2", Request id "0HLRUTIC3L6T2:00000002": the application completed without reading the entire request body. 
2019-12-12 13:19:36.1492|1|INFO|Microsoft.AspNetCore.Hosting.Internal.WebHost|Request starting HTTP/1.1 POST http://localhost:5000/cities/ application/json 110 
2019-12-12 13:19:36.1492|3|INFO|Microsoft.AspNetCore.Mvc.Internal.ControllerActionInvoker|Route matched with {action = "Create", controller = "City"}. Executing controller action with signature Microsoft.AspNetCore.Mvc.IActionResult Create(CityApp.WiewModels.CreateCityViewModel) on controller CityApp.Controllers.CityController (CityApp). 
2019-12-12 13:19:36.1811|1|INFO|Microsoft.AspNetCore.Mvc.Internal.ControllerActionInvoker|Executing action method CityApp.Controllers.CityController.Create (CityApp) - Validation state: Valid 
2019-12-12 13:19:36.1811|2|INFO|Microsoft.AspNetCore.Mvc.Internal.ControllerActionInvoker|Executed action method CityApp.Controllers.CityController.Create (CityApp), returned result Microsoft.AspNetCore.Mvc.CreatedAtActionResult in 1.4558ms. 
2019-12-12 13:19:36.1811|1|INFO|Microsoft.AspNetCore.Mvc.Infrastructure.ObjectResultExecutor|Executing ObjectResult, writing value of type 'CityApp.Models.City'. 
2019-12-12 13:19:36.2066|2|INFO|Microsoft.AspNetCore.Mvc.Internal.ControllerActionInvoker|Executed action CityApp.Controllers.CityController.Create (CityApp) in 51.3497ms 
2019-12-12 13:19:36.2066|2|INFO|Microsoft.AspNetCore.Hosting.Internal.WebHost|Request finished in 58.5095ms 201 application/json; charset=utf-8 
2019-12-12 13:20:14.4334|1|INFO|Microsoft.AspNetCore.Hosting.Internal.WebHost|Request starting HTTP/1.1 POST http://localhost:5000/cities/ application/json 91 
2019-12-12 13:20:14.4511|3|INFO|Microsoft.AspNetCore.Mvc.Internal.ControllerActionInvoker|Route matched with {action = "Create", controller = "City"}. Executing controller action with signature Microsoft.AspNetCore.Mvc.IActionResult Create(CityApp.WiewModels.CreateCityViewModel) on controller CityApp.Controllers.CityController (CityApp). 
2019-12-12 13:20:14.4511|1|INFO|Microsoft.AspNetCore.Mvc.Internal.ControllerActionInvoker|Executing action method CityApp.Controllers.CityController.Create (CityApp) - Validation state: Valid 
2019-12-12 13:20:14.4636|2|INFO|Microsoft.AspNetCore.Mvc.Internal.ControllerActionInvoker|Executed action method CityApp.Controllers.CityController.Create (CityApp), returned result Microsoft.AspNetCore.Mvc.CreatedAtActionResult in 0.047ms. 
2019-12-12 13:20:14.4636|1|INFO|Microsoft.AspNetCore.Mvc.Infrastructure.ObjectResultExecutor|Executing ObjectResult, writing value of type 'CityApp.Models.City'. 
2019-12-12 13:20:14.4636|2|INFO|Microsoft.AspNetCore.Mvc.Internal.ControllerActionInvoker|Executed action CityApp.Controllers.CityController.Create (CityApp) in 7.3204ms 
2019-12-12 13:20:14.4636|2|INFO|Microsoft.AspNetCore.Hosting.Internal.WebHost|Request finished in 35.7358ms 201 application/json; charset=utf-8 
2019-12-12 13:20:20.4743|1|INFO|Microsoft.AspNetCore.Hosting.Internal.WebHost|Request starting HTTP/1.1 GET http://localhost:5000/cities/ application/json 91 
2019-12-12 13:20:20.4782|3|INFO|Microsoft.AspNetCore.Mvc.Internal.ControllerActionInvoker|Route matched with {action = "List", controller = "City"}. Executing controller action with signature Microsoft.AspNetCore.Mvc.IActionResult List() on controller CityApp.Controllers.CityController (CityApp). 
2019-12-12 13:20:20.4782|1|INFO|Microsoft.AspNetCore.Mvc.Internal.ControllerActionInvoker|Executing action method CityApp.Controllers.CityController.List (CityApp) - Validation state: Valid 
2019-12-12 13:20:20.4782|2|INFO|Microsoft.AspNetCore.Mvc.Internal.ControllerActionInvoker|Executed action method CityApp.Controllers.CityController.List (CityApp), returned result Microsoft.AspNetCore.Mvc.OkObjectResult in 0.0236ms. 
2019-12-12 13:20:20.5097|1|INFO|Microsoft.AspNetCore.Mvc.Infrastructure.ObjectResultExecutor|Executing ObjectResult, writing value of type 'System.Linq.OrderedEnumerable`2[[CityApp.WiewModels.CityViewModel, CityApp, Version=1.0.0.0, Culture=neutral, PublicKeyToken=null],[System.String, System.Private.CoreLib, Version=4.0.0.0, Culture=neutral, PublicKeyToken=7cec85d7bea7798e]]'. 
2019-12-12 13:20:20.5097|2|INFO|Microsoft.AspNetCore.Mvc.Internal.ControllerActionInvoker|Executed action CityApp.Controllers.CityController.List (CityApp) in 29.8578ms 
2019-12-12 13:20:20.5097|2|INFO|Microsoft.AspNetCore.Hosting.Internal.WebHost|Request finished in 43.5315ms 200 application/json; charset=utf-8 
2019-12-12 13:20:20.5241|32|INFO|Microsoft.AspNetCore.Server.Kestrel|Connection id "0HLRUTIC3L6T2", Request id "0HLRUTIC3L6T2:00000005": the application completed without reading the entire request body. 
2019-12-12 13:21:57.9815|1|INFO|Microsoft.AspNetCore.Hosting.Internal.WebHost|Request starting HTTP/1.1 DELETE http://localhost:5000/cities/71ec7c410639443f8aac7b401c023d9b application/json 91 
2019-12-12 13:21:57.9971|3|INFO|Microsoft.AspNetCore.Mvc.Internal.ControllerActionInvoker|Route matched with {action = "Delete", controller = "City"}. Executing controller action with signature Microsoft.AspNetCore.Mvc.IActionResult Delete(System.Guid) on controller CityApp.Controllers.CityController (CityApp). 
2019-12-12 13:21:57.9971|1|INFO|Microsoft.AspNetCore.Mvc.Internal.ControllerActionInvoker|Executing action method CityApp.Controllers.CityController.Delete (CityApp) - Validation state: Valid 
2019-12-12 13:21:57.9971|2|INFO|Microsoft.AspNetCore.Mvc.Internal.ControllerActionInvoker|Executed action method CityApp.Controllers.CityController.Delete (CityApp), returned result Microsoft.AspNetCore.Mvc.OkResult in 1.3865ms. 
2019-12-12 13:21:57.9971|1|INFO|Microsoft.AspNetCore.Mvc.StatusCodeResult|Executing HttpStatusCodeResult, setting HTTP status code 200 
2019-12-12 13:21:58.0098|2|INFO|Microsoft.AspNetCore.Mvc.Internal.ControllerActionInvoker|Executed action CityApp.Controllers.CityController.Delete (CityApp) in 11.7955ms 
2019-12-12 13:21:58.0098|2|INFO|Microsoft.AspNetCore.Hosting.Internal.WebHost|Request finished in 29.0948ms 200  
2019-12-12 13:21:58.0098|32|INFO|Microsoft.AspNetCore.Server.Kestrel|Connection id "0HLRUTIC3L6T2", Request id "0HLRUTIC3L6T2:00000006": the application completed without reading the entire request body. 
2019-12-12 13:22:04.3741|1|INFO|Microsoft.AspNetCore.Hosting.Internal.WebHost|Request starting HTTP/1.1 GET http://localhost:5000/cities/ application/json 91 
2019-12-12 13:22:04.3741|3|INFO|Microsoft.AspNetCore.Mvc.Internal.ControllerActionInvoker|Route matched with {action = "List", controller = "City"}. Executing controller action with signature Microsoft.AspNetCore.Mvc.IActionResult List() on controller CityApp.Controllers.CityController (CityApp). 
2019-12-12 13:22:04.3845|1|INFO|Microsoft.AspNetCore.Mvc.Internal.ControllerActionInvoker|Executing action method CityApp.Controllers.CityController.List (CityApp) - Validation state: Valid 
2019-12-12 13:22:04.3845|2|INFO|Microsoft.AspNetCore.Mvc.Internal.ControllerActionInvoker|Executed action method CityApp.Controllers.CityController.List (CityApp), returned result Microsoft.AspNetCore.Mvc.OkObjectResult in 0.0246ms. 
2019-12-12 13:22:04.3845|1|INFO|Microsoft.AspNetCore.Mvc.Infrastructure.ObjectResultExecutor|Executing ObjectResult, writing value of type 'System.Linq.OrderedEnumerable`2[[CityApp.WiewModels.CityViewModel, CityApp, Version=1.0.0.0, Culture=neutral, PublicKeyToken=null],[System.String, System.Private.CoreLib, Version=4.0.0.0, Culture=neutral, PublicKeyToken=7cec85d7bea7798e]]'. 
2019-12-12 13:22:04.3845|2|INFO|Microsoft.AspNetCore.Mvc.Internal.ControllerActionInvoker|Executed action CityApp.Controllers.CityController.List (CityApp) in 5.1913ms 
2019-12-12 13:22:04.3845|2|INFO|Microsoft.AspNetCore.Hosting.Internal.WebHost|Request finished in 17.229ms 200 application/json; charset=utf-8 
2019-12-12 13:22:04.3845|32|INFO|Microsoft.AspNetCore.Server.Kestrel|Connection id "0HLRUTIC3L6T2", Request id "0HLRUTIC3L6T2:00000007": the application completed without reading the entire request body. 
2019-12-12 13:22:50.5611|1|INFO|Microsoft.AspNetCore.Hosting.Internal.WebHost|Request starting HTTP/1.1 PUT http://localhost:5000/cities/9722d7a751424ecdb393be22fda859b7 application/json 93 
2019-12-12 13:22:50.5611|3|INFO|Microsoft.AspNetCore.Mvc.Internal.ControllerActionInvoker|Route matched with {action = "Update", controller = "City"}. Executing controller action with signature Microsoft.AspNetCore.Mvc.IActionResult Update(CityApp.WiewModels.UpadateCityViewModel, System.Guid) on controller CityApp.Controllers.CityController (CityApp). 
2019-12-12 13:22:50.5802|1|INFO|Microsoft.AspNetCore.Mvc.Internal.ControllerActionInvoker|Executing action method CityApp.Controllers.CityController.Update (CityApp) - Validation state: Valid 
2019-12-12 13:22:50.5802|2|INFO|Microsoft.AspNetCore.Mvc.Internal.ControllerActionInvoker|Executed action method CityApp.Controllers.CityController.Update (CityApp), returned result Microsoft.AspNetCore.Mvc.OkResult in 1.3183ms. 
2019-12-12 13:22:50.5802|1|INFO|Microsoft.AspNetCore.Mvc.StatusCodeResult|Executing HttpStatusCodeResult, setting HTTP status code 200 
2019-12-12 13:22:50.5802|2|INFO|Microsoft.AspNetCore.Mvc.Internal.ControllerActionInvoker|Executed action CityApp.Controllers.CityController.Update (CityApp) in 14.3051ms 
2019-12-12 13:22:50.5802|2|INFO|Microsoft.AspNetCore.Hosting.Internal.WebHost|Request finished in 25.1659ms 200  
2019-12-12 13:22:56.4196|1|INFO|Microsoft.AspNetCore.Hosting.Internal.WebHost|Request starting HTTP/1.1 GET http://localhost:5000/cities/ application/json 93 
2019-12-12 13:22:56.4196|3|INFO|Microsoft.AspNetCore.Mvc.Internal.ControllerActionInvoker|Route matched with {action = "List", controller = "City"}. Executing controller action with signature Microsoft.AspNetCore.Mvc.IActionResult List() on controller CityApp.Controllers.CityController (CityApp). 
2019-12-12 13:22:56.4196|1|INFO|Microsoft.AspNetCore.Mvc.Internal.ControllerActionInvoker|Executing action method CityApp.Controllers.CityController.List (CityApp) - Validation state: Valid 
2019-12-12 13:22:56.4196|2|INFO|Microsoft.AspNetCore.Mvc.Internal.ControllerActionInvoker|Executed action method CityApp.Controllers.CityController.List (CityApp), returned result Microsoft.AspNetCore.Mvc.OkObjectResult in 0.0138ms. 
2019-12-12 13:22:56.4196|1|INFO|Microsoft.AspNetCore.Mvc.Infrastructure.ObjectResultExecutor|Executing ObjectResult, writing value of type 'System.Linq.OrderedEnumerable`2[[CityApp.WiewModels.CityViewModel, CityApp, Version=1.0.0.0, Culture=neutral, PublicKeyToken=null],[System.String, System.Private.CoreLib, Version=4.0.0.0, Culture=neutral, PublicKeyToken=7cec85d7bea7798e]]'. 
2019-12-12 13:22:56.4196|2|INFO|Microsoft.AspNetCore.Mvc.Internal.ControllerActionInvoker|Executed action CityApp.Controllers.CityController.List (CityApp) in 6.5472ms 
2019-12-12 13:22:56.4354|2|INFO|Microsoft.AspNetCore.Hosting.Internal.WebHost|Request finished in 15.8567ms 200 application/json; charset=utf-8 
2019-12-12 13:22:56.4354|32|INFO|Microsoft.AspNetCore.Server.Kestrel|Connection id "0HLRUTIC3L6T2", Request id "0HLRUTIC3L6T2:00000009": the application completed without reading the entire request body. 
2019-12-12 14:15:08.6119||INFO|Microsoft.AspNetCore.DataProtection.KeyManagement.XmlKeyManager|User profile is available. Using 'C:\Users\vovak\AppData\Local\ASP.NET\DataProtection-Keys' as key repository and Windows DPAPI to encrypt keys at rest. 
2019-12-12 14:15:11.4568|1|INFO|Microsoft.AspNetCore.Hosting.Internal.WebHost|Request starting HTTP/1.1 GET https://localhost:5001/   
2019-12-12 14:15:11.9010|2|INFO|Microsoft.AspNetCore.Hosting.Internal.WebHost|Request finished in 442.5124ms 404  
2019-12-12 14:15:39.2149|1|INFO|Microsoft.AspNetCore.Hosting.Internal.WebHost|Request starting HTTP/1.1 GET http://localhost:5000/cities/ application/json 93 
2019-12-12 14:15:39.2849|3|INFO|Microsoft.AspNetCore.Mvc.Internal.ControllerActionInvoker|Route matched with {action = "List", controller = "City"}. Executing controller action with signature Microsoft.AspNetCore.Mvc.IActionResult List() on controller CityApp.Controllers.CityController (CityApp). 
2019-12-12 14:15:39.3040|1|INFO|Microsoft.AspNetCore.Mvc.Internal.ControllerActionInvoker|Executing action method CityApp.Controllers.CityController.List (CityApp) - Validation state: Valid 
2019-12-12 14:15:39.3118|2|INFO|Microsoft.AspNetCore.Mvc.Internal.ControllerActionInvoker|Executed action method CityApp.Controllers.CityController.List (CityApp), returned result Microsoft.AspNetCore.Mvc.OkObjectResult in 2.6517ms. 
2019-12-12 14:15:39.3278|1|INFO|Microsoft.AspNetCore.Mvc.Infrastructure.ObjectResultExecutor|Executing ObjectResult, writing value of type 'System.Linq.OrderedEnumerable`2[[CityApp.WiewModels.CityViewModel, CityApp, Version=1.0.0.0, Culture=neutral, PublicKeyToken=null],[System.String, System.Private.CoreLib, Version=4.0.0.0, Culture=neutral, PublicKeyToken=7cec85d7bea7798e]]'. 
2019-12-12 14:15:39.4751|2|INFO|Microsoft.AspNetCore.Mvc.Internal.ControllerActionInvoker|Executed action CityApp.Controllers.CityController.List (CityApp) in 184.7894ms 
2019-12-12 14:15:39.4791|2|INFO|Microsoft.AspNetCore.Hosting.Internal.WebHost|Request finished in 264.1731ms 200 application/json; charset=utf-8 
2019-12-12 14:15:39.4971|32|INFO|Microsoft.AspNetCore.Server.Kestrel|Connection id "0HLRUUI6L3MIB", Request id "0HLRUUI6L3MIB:00000001": the application completed without reading the entire request body. 
2019-12-12 14:16:22.7989|1|INFO|Microsoft.AspNetCore.Hosting.Internal.WebHost|Request starting HTTP/1.1 PUT http://localhost:5000/cities/5633b700cbc64a6488fe1b763a1cf691 application/json 68 
2019-12-12 14:16:22.8323|3|INFO|Microsoft.AspNetCore.Mvc.Internal.ControllerActionInvoker|Route matched with {action = "Update", controller = "City"}. Executing controller action with signature Microsoft.AspNetCore.Mvc.IActionResult Update(CityApp.WiewModels.UpadateCityViewModel, System.Guid) on controller CityApp.Controllers.CityController (CityApp). 
2019-12-12 14:16:22.9300|1|INFO|Microsoft.AspNetCore.Mvc.Internal.ControllerActionInvoker|Executing action method CityApp.Controllers.CityController.Update (CityApp) - Validation state: Invalid 
2019-12-12 14:16:22.9321|2|INFO|Microsoft.AspNetCore.Mvc.Internal.ControllerActionInvoker|Executed action method CityApp.Controllers.CityController.Update (CityApp), returned result Microsoft.AspNetCore.Mvc.BadRequestResult in 1.2736ms. 
2019-12-12 14:16:22.9321|1|INFO|Microsoft.AspNetCore.Mvc.StatusCodeResult|Executing HttpStatusCodeResult, setting HTTP status code 400 
2019-12-12 14:16:22.9321|2|INFO|Microsoft.AspNetCore.Mvc.Internal.ControllerActionInvoker|Executed action CityApp.Controllers.CityController.Update (CityApp) in 103.177ms 
2019-12-12 14:16:22.9321|2|INFO|Microsoft.AspNetCore.Hosting.Internal.WebHost|Request finished in 138.1358ms 400  
2019-12-12 14:26:15.8504||INFO|Microsoft.AspNetCore.DataProtection.KeyManagement.XmlKeyManager|User profile is available. Using 'C:\Users\vovak\AppData\Local\ASP.NET\DataProtection-Keys' as key repository and Windows DPAPI to encrypt keys at rest. 
2019-12-12 14:26:17.4302|1|INFO|Microsoft.AspNetCore.Hosting.Internal.WebHost|Request starting HTTP/1.1 GET https://localhost:5001/   
2019-12-12 14:26:17.7379|2|INFO|Microsoft.AspNetCore.Hosting.Internal.WebHost|Request finished in 308.056ms 404  
2019-12-12 14:26:28.8476|1|INFO|Microsoft.AspNetCore.Hosting.Internal.WebHost|Request starting HTTP/1.1 PUT http://localhost:5000/cities/ application/json 68 
2019-12-12 14:26:28.8628|2|INFO|Microsoft.AspNetCore.Hosting.Internal.WebHost|Request finished in 15.1654ms 404  
2019-12-12 14:26:28.8796|32|INFO|Microsoft.AspNetCore.Server.Kestrel|Connection id "0HLRUUOD6J1RS", Request id "0HLRUUOD6J1RS:00000001": the application completed without reading the entire request body. 
2019-12-12 14:26:32.1987|1|INFO|Microsoft.AspNetCore.Hosting.Internal.WebHost|Request starting HTTP/1.1 GET http://localhost:5000/cities/ application/json 68 
2019-12-12 14:26:32.2313|3|INFO|Microsoft.AspNetCore.Mvc.Internal.ControllerActionInvoker|Route matched with {action = "List", controller = "City"}. Executing controller action with signature Microsoft.AspNetCore.Mvc.IActionResult List() on controller CityApp.Controllers.CityController (CityApp). 
2019-12-12 14:26:32.2508|1|INFO|Microsoft.AspNetCore.Mvc.Internal.ControllerActionInvoker|Executing action method CityApp.Controllers.CityController.List (CityApp) - Validation state: Valid 
2019-12-12 14:26:32.2581|2|INFO|Microsoft.AspNetCore.Mvc.Internal.ControllerActionInvoker|Executed action method CityApp.Controllers.CityController.List (CityApp), returned result Microsoft.AspNetCore.Mvc.OkObjectResult in 1.87ms. 
2019-12-12 14:26:32.2581|1|INFO|Microsoft.AspNetCore.Mvc.Infrastructure.ObjectResultExecutor|Executing ObjectResult, writing value of type 'System.Linq.OrderedEnumerable`2[[CityApp.WiewModels.CityViewModel, CityApp, Version=1.0.0.0, Culture=neutral, PublicKeyToken=null],[System.String, System.Private.CoreLib, Version=4.0.0.0, Culture=neutral, PublicKeyToken=7cec85d7bea7798e]]'. 
2019-12-12 14:26:32.3545|2|INFO|Microsoft.AspNetCore.Mvc.Internal.ControllerActionInvoker|Executed action CityApp.Controllers.CityController.List (CityApp) in 115.0134ms 
2019-12-12 14:26:32.3545|2|INFO|Microsoft.AspNetCore.Hosting.Internal.WebHost|Request finished in 160.735ms 200 application/json; charset=utf-8 
2019-12-12 14:26:32.3545|32|INFO|Microsoft.AspNetCore.Server.Kestrel|Connection id "0HLRUUOD6J1RS", Request id "0HLRUUOD6J1RS:00000002": the application completed without reading the entire request body. 
2019-12-12 14:26:38.9158|1|INFO|Microsoft.AspNetCore.Hosting.Internal.WebHost|Request starting HTTP/1.1 GET http://localhost:5000/cities/ce929ebc21c642fa9589217e25ea706a application/json 68 
2019-12-12 14:26:38.9356|3|INFO|Microsoft.AspNetCore.Mvc.Internal.ControllerActionInvoker|Route matched with {action = "Get", controller = "City"}. Executing controller action with signature Microsoft.AspNetCore.Mvc.IActionResult Get(System.Guid) on controller CityApp.Controllers.CityController (CityApp). 
2019-12-12 14:26:38.9557|1|INFO|Microsoft.AspNetCore.Mvc.Internal.ControllerActionInvoker|Executing action method CityApp.Controllers.CityController.Get (CityApp) - Validation state: Valid 
2019-12-12 14:26:38.9557|2|INFO|Microsoft.AspNetCore.Mvc.Internal.ControllerActionInvoker|Executed action method CityApp.Controllers.CityController.Get (CityApp), returned result Microsoft.AspNetCore.Mvc.OkObjectResult in 2.0506ms. 
2019-12-12 14:26:38.9557|1|INFO|Microsoft.AspNetCore.Mvc.Infrastructure.ObjectResultExecutor|Executing ObjectResult, writing value of type 'CityApp.WiewModels.DetailCityViewModel'. 
2019-12-12 14:26:38.9659|2|INFO|Microsoft.AspNetCore.Mvc.Internal.ControllerActionInvoker|Executed action CityApp.Controllers.CityController.Get (CityApp) in 28.9661ms 
2019-12-12 14:26:38.9659|2|INFO|Microsoft.AspNetCore.Hosting.Internal.WebHost|Request finished in 51.2294ms 200 application/json; charset=utf-8 
2019-12-12 14:26:38.9659|32|INFO|Microsoft.AspNetCore.Server.Kestrel|Connection id "0HLRUUOD6J1RS", Request id "0HLRUUOD6J1RS:00000003": the application completed without reading the entire request body. 
2019-12-12 14:26:58.7178|1|INFO|Microsoft.AspNetCore.Hosting.Internal.WebHost|Request starting HTTP/1.1 PUT http://localhost:5000/cities/ce929ebc21c642fa9589217e25ea706a application/json 68 
2019-12-12 14:26:58.7289|3|INFO|Microsoft.AspNetCore.Mvc.Internal.ControllerActionInvoker|Route matched with {action = "Update", controller = "City"}. Executing controller action with signature Microsoft.AspNetCore.Mvc.IActionResult Update(CityApp.WiewModels.UpadateCityViewModel, System.Guid) on controller CityApp.Controllers.CityController (CityApp). 
2019-12-12 14:26:58.7634|1|INFO|Microsoft.AspNetCore.Mvc.Internal.ControllerActionInvoker|Executing action method CityApp.Controllers.CityController.Update (CityApp) - Validation state: Invalid 
2019-12-12 14:26:58.7634|2|INFO|Microsoft.AspNetCore.Mvc.Internal.ControllerActionInvoker|Executed action method CityApp.Controllers.CityController.Update (CityApp), returned result Microsoft.AspNetCore.Mvc.BadRequestResult in 0.7459ms. 
2019-12-12 14:26:58.7634|1|INFO|Microsoft.AspNetCore.Mvc.StatusCodeResult|Executing HttpStatusCodeResult, setting HTTP status code 400 
2019-12-12 14:26:58.7634|2|INFO|Microsoft.AspNetCore.Mvc.Internal.ControllerActionInvoker|Executed action CityApp.Controllers.CityController.Update (CityApp) in 40.4361ms 
2019-12-12 14:26:58.7634|2|INFO|Microsoft.AspNetCore.Hosting.Internal.WebHost|Request finished in 55.0684ms 400  
