2019-12-09 12:01:30.2752||INFO|Microsoft.AspNetCore.DataProtection.KeyManagement.XmlKeyManager|User profile is available. Using 'C:\Users\vovak\AppData\Local\ASP.NET\DataProtection-Keys' as key repository and Windows DPAPI to encrypt keys at rest. 
2019-12-09 12:01:35.9425|1|INFO|Microsoft.AspNetCore.Hosting.Internal.WebHost|Request starting HTTP/1.1 GET https://localhost:5001/   
2019-12-09 12:01:36.7974|2|INFO|Microsoft.AspNetCore.Hosting.Internal.WebHost|Request finished in 855.5212ms 404  
2019-12-09 12:02:12.6526|1|INFO|Microsoft.AspNetCore.Hosting.Internal.WebHost|Request starting HTTP/1.1 GET http://localhost:5000/cities/ application/json 145 
2019-12-09 12:02:12.7374|3|INFO|Microsoft.AspNetCore.Mvc.Internal.ControllerActionInvoker|Route matched with {action = "List", controller = "City"}. Executing controller action with signature Microsoft.AspNetCore.Mvc.IActionResult List() on controller CityApp.Controllers.CityController (CityApp). 
2019-12-09 12:02:12.7707|1|INFO|Microsoft.AspNetCore.Mvc.Internal.ControllerActionInvoker|Executing action method CityApp.Controllers.CityController.List (CityApp) - Validation state: Valid 
2019-12-09 12:02:12.7767|2|INFO|Microsoft.AspNetCore.Mvc.Internal.ControllerActionInvoker|Executed action method CityApp.Controllers.CityController.List (CityApp), returned result Microsoft.AspNetCore.Mvc.OkObjectResult in 1.8053ms. 
2019-12-09 12:02:12.7767|1|INFO|Microsoft.AspNetCore.Mvc.Infrastructure.ObjectResultExecutor|Executing ObjectResult, writing value of type 'System.Linq.OrderedEnumerable`2[[CityApp.WiewModels.CityViewModel, CityApp, Version=1.0.0.0, Culture=neutral, PublicKeyToken=null],[System.String, System.Private.CoreLib, Version=4.0.0.0, Culture=neutral, PublicKeyToken=7cec85d7bea7798e]]'. 
2019-12-09 12:02:12.8818|2|INFO|Microsoft.AspNetCore.Mvc.Internal.ControllerActionInvoker|Executed action CityApp.Controllers.CityController.List (CityApp) in 139.2441ms 
2019-12-09 12:02:12.8818|2|INFO|Microsoft.AspNetCore.Hosting.Internal.WebHost|Request finished in 232.2744ms 200 application/json; charset=utf-8 
2019-12-09 12:02:12.9009|32|INFO|Microsoft.AspNetCore.Server.Kestrel|Connection id "0HLRSGPH72T0T", Request id "0HLRSGPH72T0T:00000001": the application completed without reading the entire request body. 
2019-12-09 23:23:51.2048||INFO|Microsoft.AspNetCore.DataProtection.KeyManagement.XmlKeyManager|User profile is available. Using 'C:\Users\vovak\AppData\Local\ASP.NET\DataProtection-Keys' as key repository and Windows DPAPI to encrypt keys at rest. 
2019-12-09 23:23:53.5700|1|INFO|Microsoft.AspNetCore.Hosting.Internal.WebHost|Request starting HTTP/1.1 GET https://localhost:5001/   
2019-12-09 23:23:54.2812|2|INFO|Microsoft.AspNetCore.Hosting.Internal.WebHost|Request finished in 711.6894ms 404  
2019-12-09 23:24:12.8127|1|INFO|Microsoft.AspNetCore.Hosting.Internal.WebHost|Request starting HTTP/1.1 GET http://localhost:5000/cities/ application/json 145 
2019-12-09 23:24:12.8785|3|INFO|Microsoft.AspNetCore.Mvc.Internal.ControllerActionInvoker|Route matched with {action = "List", controller = "City"}. Executing controller action with signature Microsoft.AspNetCore.Mvc.IActionResult List() on controller CityApp.Controllers.CityController (CityApp). 
2019-12-09 23:24:12.8989|1|INFO|Microsoft.AspNetCore.Mvc.Internal.ControllerActionInvoker|Executing action method CityApp.Controllers.CityController.List (CityApp) - Validation state: Valid 
2019-12-09 23:24:12.9052|2|INFO|Microsoft.AspNetCore.Mvc.Internal.ControllerActionInvoker|Executed action method CityApp.Controllers.CityController.List (CityApp), returned result Microsoft.AspNetCore.Mvc.OkObjectResult in 1.6734ms. 
2019-12-09 23:24:12.9191|1|INFO|Microsoft.AspNetCore.Mvc.Infrastructure.ObjectResultExecutor|Executing ObjectResult, writing value of type 'System.Linq.OrderedEnumerable`2[[CityApp.WiewModels.CityViewModel, CityApp, Version=1.0.0.0, Culture=neutral, PublicKeyToken=null],[System.String, System.Private.CoreLib, Version=4.0.0.0, Culture=neutral, PublicKeyToken=7cec85d7bea7798e]]'. 
2019-12-09 23:24:13.0202|2|INFO|Microsoft.AspNetCore.Mvc.Internal.ControllerActionInvoker|Executed action CityApp.Controllers.CityController.List (CityApp) in 136.4661ms 
2019-12-09 23:24:13.0202|2|INFO|Microsoft.AspNetCore.Hosting.Internal.WebHost|Request finished in 210.188ms 200 application/json; charset=utf-8 
2019-12-09 23:24:13.0350|32|INFO|Microsoft.AspNetCore.Server.Kestrel|Connection id "0HLRSSMQK6IRS", Request id "0HLRSSMQK6IRS:00000001": the application completed without reading the entire request body. 
2019-12-09 23:24:32.6938|1|INFO|Microsoft.AspNetCore.Hosting.Internal.WebHost|Request starting HTTP/1.1 GET http://localhost:5000/cities/da7c4ead71164507807a0f0ccb2e9b16 application/json 145 
2019-12-09 23:24:32.7226|3|INFO|Microsoft.AspNetCore.Mvc.Internal.ControllerActionInvoker|Route matched with {action = "Get", controller = "City"}. Executing controller action with signature Microsoft.AspNetCore.Mvc.IActionResult Get(System.Guid) on controller CityApp.Controllers.CityController (CityApp). 
2019-12-09 23:24:32.7449|1|INFO|Microsoft.AspNetCore.Mvc.Internal.ControllerActionInvoker|Executing action method CityApp.Controllers.CityController.Get (CityApp) - Validation state: Valid 
2019-12-09 23:24:32.7449|2|INFO|Microsoft.AspNetCore.Mvc.Internal.ControllerActionInvoker|Executed action method CityApp.Controllers.CityController.Get (CityApp), returned result Microsoft.AspNetCore.Mvc.OkObjectResult in 2.0389ms. 
2019-12-09 23:24:32.7449|1|INFO|Microsoft.AspNetCore.Mvc.Infrastructure.ObjectResultExecutor|Executing ObjectResult, writing value of type 'CityApp.WiewModels.DetailCityViewModel'. 
2019-12-09 23:24:32.7449|2|INFO|Microsoft.AspNetCore.Mvc.Internal.ControllerActionInvoker|Executed action CityApp.Controllers.CityController.Get (CityApp) in 29.6985ms 
2019-12-09 23:24:32.7449|2|INFO|Microsoft.AspNetCore.Hosting.Internal.WebHost|Request finished in 60.6196ms 200 application/json; charset=utf-8 
2019-12-09 23:24:32.7449|32|INFO|Microsoft.AspNetCore.Server.Kestrel|Connection id "0HLRSSMQK6IRS", Request id "0HLRSSMQK6IRS:00000002": the application completed without reading the entire request body. 
2019-12-09 23:24:47.8426|1|INFO|Microsoft.AspNetCore.Hosting.Internal.WebHost|Request starting HTTP/1.1 POST http://localhost:5000/cities/ application/json 145 
2019-12-09 23:24:47.8426|3|INFO|Microsoft.AspNetCore.Mvc.Internal.ControllerActionInvoker|Route matched with {action = "Create", controller = "City"}. Executing controller action with signature Microsoft.AspNetCore.Mvc.IActionResult Create(CityApp.WiewModels.CreateCityViewModel) on controller CityApp.Controllers.CityController (CityApp). 
2019-12-09 23:24:47.8815|1|INFO|Microsoft.AspNetCore.Mvc.Internal.ControllerActionInvoker|Executing action method CityApp.Controllers.CityController.Create (CityApp) - Validation state: Valid 
2019-12-09 23:24:47.8873|2|INFO|Microsoft.AspNetCore.Mvc.Internal.ControllerActionInvoker|Executed action method CityApp.Controllers.CityController.Create (CityApp), returned result Microsoft.AspNetCore.Mvc.CreatedAtActionResult in 4.9211ms. 
2019-12-09 23:24:47.8873|1|INFO|Microsoft.AspNetCore.Mvc.Infrastructure.ObjectResultExecutor|Executing ObjectResult, writing value of type 'CityApp.Models.City'. 
2019-12-09 23:24:47.9076|2|INFO|Microsoft.AspNetCore.Mvc.Internal.ControllerActionInvoker|Executed action CityApp.Controllers.CityController.Create (CityApp) in 54.6814ms 
2019-12-09 23:24:47.9076|2|INFO|Microsoft.AspNetCore.Hosting.Internal.WebHost|Request finished in 66.3145ms 201 application/json; charset=utf-8 
2019-12-09 23:25:14.7024|1|INFO|Microsoft.AspNetCore.Hosting.Internal.WebHost|Request starting HTTP/1.1 POST http://localhost:5000/cities/ application/json 150 
2019-12-09 23:25:14.7024|3|INFO|Microsoft.AspNetCore.Mvc.Internal.ControllerActionInvoker|Route matched with {action = "Create", controller = "City"}. Executing controller action with signature Microsoft.AspNetCore.Mvc.IActionResult Create(CityApp.WiewModels.CreateCityViewModel) on controller CityApp.Controllers.CityController (CityApp). 
2019-12-09 23:25:14.7169|1|INFO|Microsoft.AspNetCore.Mvc.Internal.ControllerActionInvoker|Executing action method CityApp.Controllers.CityController.Create (CityApp) - Validation state: Valid 
2019-12-09 23:25:14.7169|2|INFO|Microsoft.AspNetCore.Mvc.Internal.ControllerActionInvoker|Executed action method CityApp.Controllers.CityController.Create (CityApp), returned result Microsoft.AspNetCore.Mvc.CreatedAtActionResult in 0.0428ms. 
2019-12-09 23:25:14.7169|1|INFO|Microsoft.AspNetCore.Mvc.Infrastructure.ObjectResultExecutor|Executing ObjectResult, writing value of type 'CityApp.Models.City'. 
2019-12-09 23:25:14.7169|2|INFO|Microsoft.AspNetCore.Mvc.Internal.ControllerActionInvoker|Executed action CityApp.Controllers.CityController.Create (CityApp) in 9.5815ms 
2019-12-09 23:25:14.7169|2|INFO|Microsoft.AspNetCore.Hosting.Internal.WebHost|Request finished in 24.0636ms 201 application/json; charset=utf-8 
2019-12-09 23:25:36.8398|1|INFO|Microsoft.AspNetCore.Hosting.Internal.WebHost|Request starting HTTP/1.1 GET http://localhost:5000/cities/ application/json 150 
2019-12-09 23:25:36.8643|3|INFO|Microsoft.AspNetCore.Mvc.Internal.ControllerActionInvoker|Route matched with {action = "List", controller = "City"}. Executing controller action with signature Microsoft.AspNetCore.Mvc.IActionResult List() on controller CityApp.Controllers.CityController (CityApp). 
2019-12-09 23:25:36.8643|1|INFO|Microsoft.AspNetCore.Mvc.Internal.ControllerActionInvoker|Executing action method CityApp.Controllers.CityController.List (CityApp) - Validation state: Valid 
2019-12-09 23:25:36.8643|2|INFO|Microsoft.AspNetCore.Mvc.Internal.ControllerActionInvoker|Executed action method CityApp.Controllers.CityController.List (CityApp), returned result Microsoft.AspNetCore.Mvc.OkObjectResult in 0.023ms. 
2019-12-09 23:25:36.8643|1|INFO|Microsoft.AspNetCore.Mvc.Infrastructure.ObjectResultExecutor|Executing ObjectResult, writing value of type 'System.Linq.OrderedEnumerable`2[[CityApp.WiewModels.CityViewModel, CityApp, Version=1.0.0.0, Culture=neutral, PublicKeyToken=null],[System.String, System.Private.CoreLib, Version=4.0.0.0, Culture=neutral, PublicKeyToken=7cec85d7bea7798e]]'. 
2019-12-09 23:25:36.8753|2|INFO|Microsoft.AspNetCore.Mvc.Internal.ControllerActionInvoker|Executed action CityApp.Controllers.CityController.List (CityApp) in 9.9972ms 
2019-12-09 23:25:36.8753|2|INFO|Microsoft.AspNetCore.Hosting.Internal.WebHost|Request finished in 36.8164ms 200 application/json; charset=utf-8 
2019-12-09 23:25:36.8753|32|INFO|Microsoft.AspNetCore.Server.Kestrel|Connection id "0HLRSSMQK6IRS", Request id "0HLRSSMQK6IRS:00000005": the application completed without reading the entire request body. 
2019-12-09 23:26:03.7728|1|INFO|Microsoft.AspNetCore.Hosting.Internal.WebHost|Request starting HTTP/1.1 PUT http://localhost:5000/cities/ application/json 143 
2019-12-09 23:26:03.7853|3|INFO|Microsoft.AspNetCore.Mvc.Internal.ControllerActionInvoker|Route matched with {action = "Update", controller = "City"}. Executing controller action with signature Microsoft.AspNetCore.Mvc.IActionResult Update(CityApp.WiewModels.CreateCityViewModel) on controller CityApp.Controllers.CityController (CityApp). 
2019-12-09 23:26:03.8013|1|INFO|Microsoft.AspNetCore.Mvc.Internal.ControllerActionInvoker|Executing action method CityApp.Controllers.CityController.Update (CityApp) - Validation state: Valid 
2019-12-09 23:31:31.7782||INFO|Microsoft.AspNetCore.DataProtection.KeyManagement.XmlKeyManager|User profile is available. Using 'C:\Users\vovak\AppData\Local\ASP.NET\DataProtection-Keys' as key repository and Windows DPAPI to encrypt keys at rest. 
2019-12-09 23:31:33.3970|1|INFO|Microsoft.AspNetCore.Hosting.Internal.WebHost|Request starting HTTP/1.1 GET https://localhost:5001/   
2019-12-09 23:31:33.6723|2|INFO|Microsoft.AspNetCore.Hosting.Internal.WebHost|Request finished in 274.1034ms 404  
2019-12-09 23:31:36.8388|1|INFO|Microsoft.AspNetCore.Hosting.Internal.WebHost|Request starting HTTP/1.1 GET http://localhost:5000/cities/ application/json 143 
2019-12-09 23:31:36.8721|3|INFO|Microsoft.AspNetCore.Mvc.Internal.ControllerActionInvoker|Route matched with {action = "List", controller = "City"}. Executing controller action with signature Microsoft.AspNetCore.Mvc.IActionResult List() on controller CityApp.Controllers.CityController (CityApp). 
2019-12-09 23:31:36.8918|1|INFO|Microsoft.AspNetCore.Mvc.Internal.ControllerActionInvoker|Executing action method CityApp.Controllers.CityController.List (CityApp) - Validation state: Valid 
2019-12-09 23:31:36.8918|2|INFO|Microsoft.AspNetCore.Mvc.Internal.ControllerActionInvoker|Executed action method CityApp.Controllers.CityController.List (CityApp), returned result Microsoft.AspNetCore.Mvc.OkObjectResult in 2.1127ms. 
2019-12-09 23:31:36.9143|1|INFO|Microsoft.AspNetCore.Mvc.Infrastructure.ObjectResultExecutor|Executing ObjectResult, writing value of type 'System.Linq.OrderedEnumerable`2[[CityApp.WiewModels.CityViewModel, CityApp, Version=1.0.0.0, Culture=neutral, PublicKeyToken=null],[System.String, System.Private.CoreLib, Version=4.0.0.0, Culture=neutral, PublicKeyToken=7cec85d7bea7798e]]'. 
2019-12-09 23:31:36.9927|2|INFO|Microsoft.AspNetCore.Mvc.Internal.ControllerActionInvoker|Executed action CityApp.Controllers.CityController.List (CityApp) in 116.9631ms 
2019-12-09 23:31:36.9927|2|INFO|Microsoft.AspNetCore.Hosting.Internal.WebHost|Request finished in 158.3384ms 200 application/json; charset=utf-8 
2019-12-09 23:31:37.0188|32|INFO|Microsoft.AspNetCore.Server.Kestrel|Connection id "0HLRSSR3O7KVU", Request id "0HLRSSR3O7KVU:00000001": the application completed without reading the entire request body. 
2019-12-09 23:32:07.1935|1|INFO|Microsoft.AspNetCore.Hosting.Internal.WebHost|Request starting HTTP/1.1 GET http://localhost:5000/cities/ application/json 137 
2019-12-09 23:32:07.2025|3|INFO|Microsoft.AspNetCore.Mvc.Internal.ControllerActionInvoker|Route matched with {action = "List", controller = "City"}. Executing controller action with signature Microsoft.AspNetCore.Mvc.IActionResult List() on controller CityApp.Controllers.CityController (CityApp). 
2019-12-09 23:32:07.2338|1|INFO|Microsoft.AspNetCore.Mvc.Internal.ControllerActionInvoker|Executing action method CityApp.Controllers.CityController.List (CityApp) - Validation state: Valid 
2019-12-09 23:32:07.2338|2|INFO|Microsoft.AspNetCore.Mvc.Internal.ControllerActionInvoker|Executed action method CityApp.Controllers.CityController.List (CityApp), returned result Microsoft.AspNetCore.Mvc.OkObjectResult in 0.0317ms. 
2019-12-09 23:32:07.2338|1|INFO|Microsoft.AspNetCore.Mvc.Infrastructure.ObjectResultExecutor|Executing ObjectResult, writing value of type 'System.Linq.OrderedEnumerable`2[[CityApp.WiewModels.CityViewModel, CityApp, Version=1.0.0.0, Culture=neutral, PublicKeyToken=null],[System.String, System.Private.CoreLib, Version=4.0.0.0, Culture=neutral, PublicKeyToken=7cec85d7bea7798e]]'. 
2019-12-09 23:32:07.2338|2|INFO|Microsoft.AspNetCore.Mvc.Internal.ControllerActionInvoker|Executed action CityApp.Controllers.CityController.List (CityApp) in 37.5685ms 
2019-12-09 23:32:07.2338|2|INFO|Microsoft.AspNetCore.Hosting.Internal.WebHost|Request finished in 48.6971ms 200 application/json; charset=utf-8 
2019-12-09 23:32:07.2338|32|INFO|Microsoft.AspNetCore.Server.Kestrel|Connection id "0HLRSSR3O7KVU", Request id "0HLRSSR3O7KVU:00000002": the application completed without reading the entire request body. 
2019-12-09 23:32:18.5487|1|INFO|Microsoft.AspNetCore.Hosting.Internal.WebHost|Request starting HTTP/1.1 PUT http://localhost:5000/cities/ application/json 137 
2019-12-09 23:32:18.5668|3|INFO|Microsoft.AspNetCore.Mvc.Internal.ControllerActionInvoker|Route matched with {action = "Update", controller = "City"}. Executing controller action with signature Microsoft.AspNetCore.Mvc.IActionResult Update(CityApp.WiewModels.UpadateCityViewModel) on controller CityApp.Controllers.CityController (CityApp). 
2019-12-09 23:32:18.6143|1|INFO|Microsoft.AspNetCore.Mvc.Internal.ControllerActionInvoker|Executing action method CityApp.Controllers.CityController.Update (CityApp) - Validation state: Valid 
2019-12-09 23:32:18.6143|2|INFO|Microsoft.AspNetCore.Mvc.Internal.ControllerActionInvoker|Executed action method CityApp.Controllers.CityController.Update (CityApp), returned result Microsoft.AspNetCore.Mvc.OkResult in 1.375ms. 
2019-12-09 23:32:18.6143|1|INFO|Microsoft.AspNetCore.Mvc.StatusCodeResult|Executing HttpStatusCodeResult, setting HTTP status code 200 
2019-12-09 23:32:18.6215|2|INFO|Microsoft.AspNetCore.Mvc.Internal.ControllerActionInvoker|Executed action CityApp.Controllers.CityController.Update (CityApp) in 53.7292ms 
2019-12-09 23:32:18.6215|2|INFO|Microsoft.AspNetCore.Hosting.Internal.WebHost|Request finished in 74.1059ms 200  
2019-12-09 23:32:22.9427|1|INFO|Microsoft.AspNetCore.Hosting.Internal.WebHost|Request starting HTTP/1.1 GET http://localhost:5000/cities/ application/json 137 
2019-12-09 23:32:22.9561|3|INFO|Microsoft.AspNetCore.Mvc.Internal.ControllerActionInvoker|Route matched with {action = "List", controller = "City"}. Executing controller action with signature Microsoft.AspNetCore.Mvc.IActionResult List() on controller CityApp.Controllers.CityController (CityApp). 
2019-12-09 23:32:22.9742|1|INFO|Microsoft.AspNetCore.Mvc.Internal.ControllerActionInvoker|Executing action method CityApp.Controllers.CityController.List (CityApp) - Validation state: Valid 
2019-12-09 23:32:22.9811|2|INFO|Microsoft.AspNetCore.Mvc.Internal.ControllerActionInvoker|Executed action method CityApp.Controllers.CityController.List (CityApp), returned result Microsoft.AspNetCore.Mvc.OkObjectResult in 0.0116ms. 
2019-12-09 23:32:22.9811|1|INFO|Microsoft.AspNetCore.Mvc.Infrastructure.ObjectResultExecutor|Executing ObjectResult, writing value of type 'System.Linq.OrderedEnumerable`2[[CityApp.WiewModels.CityViewModel, CityApp, Version=1.0.0.0, Culture=neutral, PublicKeyToken=null],[System.String, System.Private.CoreLib, Version=4.0.0.0, Culture=neutral, PublicKeyToken=7cec85d7bea7798e]]'. 
2019-12-09 23:32:22.9811|2|INFO|Microsoft.AspNetCore.Mvc.Internal.ControllerActionInvoker|Executed action CityApp.Controllers.CityController.List (CityApp) in 11.2103ms 
2019-12-09 23:32:23.0024|2|INFO|Microsoft.AspNetCore.Hosting.Internal.WebHost|Request finished in 59.7381ms 200 application/json; charset=utf-8 
2019-12-09 23:32:23.0024|32|INFO|Microsoft.AspNetCore.Server.Kestrel|Connection id "0HLRSSR3O7KVU", Request id "0HLRSSR3O7KVU:00000004": the application completed without reading the entire request body. 
2019-12-09 23:32:32.5388|1|INFO|Microsoft.AspNetCore.Hosting.Internal.WebHost|Request starting HTTP/1.1 GET http://localhost:5000/cities/4bf4c90edde54bcbbca7222460a8ffde application/json 137 
2019-12-09 23:32:32.5484|3|INFO|Microsoft.AspNetCore.Mvc.Internal.ControllerActionInvoker|Route matched with {action = "Get", controller = "City"}. Executing controller action with signature Microsoft.AspNetCore.Mvc.IActionResult Get(System.Guid) on controller CityApp.Controllers.CityController (CityApp). 
2019-12-09 23:32:32.5484|1|INFO|Microsoft.AspNetCore.Mvc.Internal.ControllerActionInvoker|Executing action method CityApp.Controllers.CityController.Get (CityApp) - Validation state: Valid 
2019-12-09 23:32:32.5581|2|INFO|Microsoft.AspNetCore.Mvc.Internal.ControllerActionInvoker|Executed action method CityApp.Controllers.CityController.Get (CityApp), returned result Microsoft.AspNetCore.Mvc.OkObjectResult in 4.3946ms. 
2019-12-09 23:32:32.5581|1|INFO|Microsoft.AspNetCore.Mvc.Infrastructure.ObjectResultExecutor|Executing ObjectResult, writing value of type 'CityApp.WiewModels.DetailCityViewModel'. 
2019-12-09 23:32:32.5581|2|INFO|Microsoft.AspNetCore.Mvc.Internal.ControllerActionInvoker|Executed action CityApp.Controllers.CityController.Get (CityApp) in 14.4421ms 
2019-12-09 23:32:32.5581|2|INFO|Microsoft.AspNetCore.Hosting.Internal.WebHost|Request finished in 26.8746ms 200 application/json; charset=utf-8 
2019-12-09 23:32:32.5581|32|INFO|Microsoft.AspNetCore.Server.Kestrel|Connection id "0HLRSSR3O7KVU", Request id "0HLRSSR3O7KVU:00000005": the application completed without reading the entire request body. 
