2019-12-07 15:11:51.7487||INFO|Microsoft.AspNetCore.DataProtection.KeyManagement.XmlKeyManager|User profile is available. Using 'C:\Users\vovak\AppData\Local\ASP.NET\DataProtection-Keys' as key repository and Windows DPAPI to encrypt keys at rest. 
2019-12-07 15:11:53.9967|1|INFO|Microsoft.AspNetCore.Hosting.Internal.WebHost|Request starting HTTP/1.1 GET https://localhost:5001/   
2019-12-07 15:11:54.4198|2|INFO|Microsoft.AspNetCore.Hosting.Internal.WebHost|Request finished in 423.3967ms 404  
2019-12-07 15:11:59.6854|1|INFO|Microsoft.AspNetCore.Hosting.Internal.WebHost|Request starting HTTP/1.1 GET http://localhost:5000/api/city   
2019-12-07 15:11:59.7093|2|INFO|Microsoft.AspNetCore.Hosting.Internal.WebHost|Request finished in 23.9626ms 404  
2019-12-07 15:13:24.6443|1|INFO|Microsoft.AspNetCore.Hosting.Internal.WebHost|Request starting HTTP/1.1 GET http://localhost:5000/swagger   
2019-12-07 15:13:24.6500|2|INFO|Microsoft.AspNetCore.Hosting.Internal.WebHost|Request finished in 5.6716ms 301  
2019-12-07 15:13:24.6909|1|INFO|Microsoft.AspNetCore.Hosting.Internal.WebHost|Request starting HTTP/1.1 GET http://localhost:5000/swagger/index.html   
2019-12-07 15:13:24.8337|2|INFO|Microsoft.AspNetCore.Hosting.Internal.WebHost|Request finished in 142.8138ms 200 text/html 
2019-12-07 15:14:00.6635|1|INFO|Microsoft.AspNetCore.Hosting.Internal.WebHost|Request starting HTTP/1.1 GET http://localhost:5000/cities   
2019-12-07 15:14:00.7280|3|INFO|Microsoft.AspNetCore.Mvc.Internal.ControllerActionInvoker|Route matched with {action = "List", controller = "City"}. Executing controller action with signature Microsoft.AspNetCore.Mvc.IActionResult List() on controller CityApp.Controllers.CityController (CityApp). 
2019-12-07 15:14:00.7609|1|INFO|Microsoft.AspNetCore.Mvc.Internal.ControllerActionInvoker|Executing action method CityApp.Controllers.CityController.List (CityApp) - Validation state: Valid 
2019-12-07 15:14:00.7609|2|INFO|Microsoft.AspNetCore.Mvc.Internal.ControllerActionInvoker|Executed action method CityApp.Controllers.CityController.List (CityApp), returned result Microsoft.AspNetCore.Mvc.OkObjectResult in 2.634ms. 
2019-12-07 15:14:00.7812|1|INFO|Microsoft.AspNetCore.Mvc.Infrastructure.ObjectResultExecutor|Executing ObjectResult, writing value of type 'System.Linq.OrderedEnumerable`2[[CityApp.WiewModels.CityViewModel, CityApp, Version=1.0.0.0, Culture=neutral, PublicKeyToken=null],[System.String, System.Private.CoreLib, Version=4.0.0.0, Culture=neutral, PublicKeyToken=7cec85d7bea7798e]]'. 
2019-12-07 15:14:00.8014|2|INFO|Microsoft.AspNetCore.Mvc.Internal.ControllerActionInvoker|Executed action CityApp.Controllers.CityController.List (CityApp) in 59.7819ms 
2019-12-07 15:14:00.8014|2|INFO|Microsoft.AspNetCore.Hosting.Internal.WebHost|Request finished in 139.4122ms 200 application/json; charset=utf-8 
2019-12-07 15:14:35.8826|1|INFO|Microsoft.AspNetCore.Hosting.Internal.WebHost|Request starting HTTP/1.1 GET http://localhost:5000/cities/65154af2e86449dd961599f929c1f589   
2019-12-07 15:14:35.9154|3|INFO|Microsoft.AspNetCore.Mvc.Internal.ControllerActionInvoker|Route matched with {action = "Get", controller = "City"}. Executing controller action with signature Microsoft.AspNetCore.Mvc.IActionResult Get(System.Guid) on controller CityApp.Controllers.CityController (CityApp). 
2019-12-07 15:14:35.9452|1|INFO|Microsoft.AspNetCore.Mvc.Internal.ControllerActionInvoker|Executing action method CityApp.Controllers.CityController.Get (CityApp) - Validation state: Valid 
2019-12-07 15:14:35.9528|2|INFO|Microsoft.AspNetCore.Mvc.Internal.ControllerActionInvoker|Executed action method CityApp.Controllers.CityController.Get (CityApp), returned result Microsoft.AspNetCore.Mvc.OkObjectResult in 6.5453ms. 
2019-12-07 15:14:35.9528|1|INFO|Microsoft.AspNetCore.Mvc.Infrastructure.ObjectResultExecutor|Executing ObjectResult, writing value of type 'CityApp.WiewModels.DetailCityViewModel'. 
2019-12-07 15:14:35.9528|2|INFO|Microsoft.AspNetCore.Mvc.Internal.ControllerActionInvoker|Executed action CityApp.Controllers.CityController.Get (CityApp) in 42.868ms 
2019-12-07 15:14:35.9889|2|INFO|Microsoft.AspNetCore.Hosting.Internal.WebHost|Request finished in 106.2397ms 200 application/json; charset=utf-8 
2019-12-07 15:17:29.3121||INFO|Microsoft.AspNetCore.DataProtection.KeyManagement.XmlKeyManager|User profile is available. Using 'C:\Users\vovak\AppData\Local\ASP.NET\DataProtection-Keys' as key repository and Windows DPAPI to encrypt keys at rest. 
2019-12-07 15:17:30.9239|1|INFO|Microsoft.AspNetCore.Hosting.Internal.WebHost|Request starting HTTP/1.1 GET https://localhost:5001/   
2019-12-07 15:17:31.1579|2|INFO|Microsoft.AspNetCore.Hosting.Internal.WebHost|Request finished in 234.8204ms 404  
2019-12-07 15:17:40.3250|1|INFO|Microsoft.AspNetCore.Hosting.Internal.WebHost|Request starting HTTP/1.1 DELETE http://localhost:5000/cities/65154af2e86449dd961599f929c1f589  0 
2019-12-07 15:17:40.3945|3|INFO|Microsoft.AspNetCore.Mvc.Internal.ControllerActionInvoker|Route matched with {action = "Delete", controller = "City"}. Executing controller action with signature Microsoft.AspNetCore.Mvc.IActionResult Delete(System.Guid) on controller CityApp.Controllers.CityController (CityApp). 
2019-12-07 15:17:40.4326|1|INFO|Microsoft.AspNetCore.Mvc.Internal.ControllerActionInvoker|Executing action method CityApp.Controllers.CityController.Delete (CityApp) - Validation state: Valid 
2019-12-07 15:17:40.4326|2|INFO|Microsoft.AspNetCore.Mvc.Internal.ControllerActionInvoker|Executed action method CityApp.Controllers.CityController.Delete (CityApp), returned result Microsoft.AspNetCore.Mvc.OkResult in 0.4688ms. 
2019-12-07 15:17:40.4326|1|INFO|Microsoft.AspNetCore.Mvc.StatusCodeResult|Executing HttpStatusCodeResult, setting HTTP status code 200 
2019-12-07 15:17:40.4497|2|INFO|Microsoft.AspNetCore.Mvc.Internal.ControllerActionInvoker|Executed action CityApp.Controllers.CityController.Delete (CityApp) in 51.4709ms 
2019-12-07 15:17:40.4497|2|INFO|Microsoft.AspNetCore.Hosting.Internal.WebHost|Request finished in 126.4662ms 200  
2019-12-07 17:14:05.3550||INFO|Microsoft.AspNetCore.DataProtection.KeyManagement.XmlKeyManager|User profile is available. Using 'C:\Users\vovak\AppData\Local\ASP.NET\DataProtection-Keys' as key repository and Windows DPAPI to encrypt keys at rest. 
2019-12-07 17:14:06.8443|1|INFO|Microsoft.AspNetCore.Hosting.Internal.WebHost|Request starting HTTP/1.1 GET https://localhost:5001/   
2019-12-07 17:14:07.0944|2|INFO|Microsoft.AspNetCore.Hosting.Internal.WebHost|Request finished in 250.4427ms 404  
2019-12-07 17:14:35.3790|1|INFO|Microsoft.AspNetCore.Hosting.Internal.WebHost|Request starting HTTP/1.1 GET http://localhost:5000/cities   
2019-12-07 17:14:35.4348|3|INFO|Microsoft.AspNetCore.Mvc.Internal.ControllerActionInvoker|Route matched with {action = "List", controller = "City"}. Executing controller action with signature Microsoft.AspNetCore.Mvc.IActionResult List() on controller CityApp.Controllers.CityController (CityApp). 
2019-12-07 17:14:35.4598|1|INFO|Microsoft.AspNetCore.Mvc.Internal.ControllerActionInvoker|Executing action method CityApp.Controllers.CityController.List (CityApp) - Validation state: Valid 
2019-12-07 17:14:35.4670|2|INFO|Microsoft.AspNetCore.Mvc.Internal.ControllerActionInvoker|Executed action method CityApp.Controllers.CityController.List (CityApp), returned result Microsoft.AspNetCore.Mvc.OkObjectResult in 2.5935ms. 
2019-12-07 17:14:35.4885|1|INFO|Microsoft.AspNetCore.Mvc.Infrastructure.ObjectResultExecutor|Executing ObjectResult, writing value of type 'System.Linq.OrderedEnumerable`2[[CityApp.WiewModels.CityViewModel, CityApp, Version=1.0.0.0, Culture=neutral, PublicKeyToken=null],[System.String, System.Private.CoreLib, Version=4.0.0.0, Culture=neutral, PublicKeyToken=7cec85d7bea7798e]]'. 
2019-12-07 17:14:35.5606|2|INFO|Microsoft.AspNetCore.Mvc.Internal.ControllerActionInvoker|Executed action CityApp.Controllers.CityController.List (CityApp) in 118.9564ms 
2019-12-07 17:14:35.5606|2|INFO|Microsoft.AspNetCore.Hosting.Internal.WebHost|Request finished in 184.0935ms 200 application/json; charset=utf-8 
2019-12-07 17:14:45.9778|1|INFO|Microsoft.AspNetCore.Hosting.Internal.WebHost|Request starting HTTP/1.1 GET http://localhost:5000/cities/3502dc7068064c558b9c92a22e83c05d   
2019-12-07 17:14:46.0181|3|INFO|Microsoft.AspNetCore.Mvc.Internal.ControllerActionInvoker|Route matched with {action = "Get", controller = "City"}. Executing controller action with signature Microsoft.AspNetCore.Mvc.IActionResult Get(System.Guid) on controller CityApp.Controllers.CityController (CityApp). 
2019-12-07 17:14:46.0464|1|INFO|Microsoft.AspNetCore.Mvc.Internal.ControllerActionInvoker|Executing action method CityApp.Controllers.CityController.Get (CityApp) - Validation state: Valid 
2019-12-07 17:14:46.0464|2|INFO|Microsoft.AspNetCore.Mvc.Internal.ControllerActionInvoker|Executed action method CityApp.Controllers.CityController.Get (CityApp), returned result Microsoft.AspNetCore.Mvc.OkObjectResult in 3.0885ms. 
2019-12-07 17:14:46.0598|1|INFO|Microsoft.AspNetCore.Mvc.Infrastructure.ObjectResultExecutor|Executing ObjectResult, writing value of type 'CityApp.WiewModels.DetailCityViewModel'. 
2019-12-07 17:14:46.0748|2|INFO|Microsoft.AspNetCore.Mvc.Internal.ControllerActionInvoker|Executed action CityApp.Controllers.CityController.Get (CityApp) in 55.507ms 
2019-12-07 17:14:46.0748|2|INFO|Microsoft.AspNetCore.Hosting.Internal.WebHost|Request finished in 98.8283ms 200 application/json; charset=utf-8 
2019-12-07 17:14:50.0447|1|INFO|Microsoft.AspNetCore.Hosting.Internal.WebHost|Request starting HTTP/1.1 DELETE http://localhost:5000/cities/3502dc7068064c558b9c92a22e83c05d  0 
2019-12-07 17:14:50.0447|3|INFO|Microsoft.AspNetCore.Mvc.Internal.ControllerActionInvoker|Route matched with {action = "Delete", controller = "City"}. Executing controller action with signature Microsoft.AspNetCore.Mvc.IActionResult Delete(System.Guid) on controller CityApp.Controllers.CityController (CityApp). 
2019-12-07 17:14:50.0589|1|INFO|Microsoft.AspNetCore.Mvc.Internal.ControllerActionInvoker|Executing action method CityApp.Controllers.CityController.Delete (CityApp) - Validation state: Valid 
2019-12-07 17:14:50.0589|2|INFO|Microsoft.AspNetCore.Mvc.Internal.ControllerActionInvoker|Executed action method CityApp.Controllers.CityController.Delete (CityApp), returned result Microsoft.AspNetCore.Mvc.OkResult in 5.651ms. 
2019-12-07 17:14:50.0752|1|INFO|Microsoft.AspNetCore.Mvc.StatusCodeResult|Executing HttpStatusCodeResult, setting HTTP status code 200 
2019-12-07 17:14:50.0752|2|INFO|Microsoft.AspNetCore.Mvc.Internal.ControllerActionInvoker|Executed action CityApp.Controllers.CityController.Delete (CityApp) in 18.5724ms 
2019-12-07 17:14:50.0752|2|INFO|Microsoft.AspNetCore.Hosting.Internal.WebHost|Request finished in 33.2798ms 200  
2019-12-07 17:14:56.9977|1|INFO|Microsoft.AspNetCore.Hosting.Internal.WebHost|Request starting HTTP/1.1 GET http://localhost:5000/cities   
2019-12-07 17:14:57.0195|3|INFO|Microsoft.AspNetCore.Mvc.Internal.ControllerActionInvoker|Route matched with {action = "List", controller = "City"}. Executing controller action with signature Microsoft.AspNetCore.Mvc.IActionResult List() on controller CityApp.Controllers.CityController (CityApp). 
2019-12-07 17:14:57.0195|1|INFO|Microsoft.AspNetCore.Mvc.Internal.ControllerActionInvoker|Executing action method CityApp.Controllers.CityController.List (CityApp) - Validation state: Valid 
2019-12-07 17:14:57.0195|2|INFO|Microsoft.AspNetCore.Mvc.Internal.ControllerActionInvoker|Executed action method CityApp.Controllers.CityController.List (CityApp), returned result Microsoft.AspNetCore.Mvc.OkObjectResult in 0.0228ms. 
2019-12-07 17:14:57.0265|1|INFO|Microsoft.AspNetCore.Mvc.Infrastructure.ObjectResultExecutor|Executing ObjectResult, writing value of type 'System.Linq.OrderedEnumerable`2[[CityApp.WiewModels.CityViewModel, CityApp, Version=1.0.0.0, Culture=neutral, PublicKeyToken=null],[System.String, System.Private.CoreLib, Version=4.0.0.0, Culture=neutral, PublicKeyToken=7cec85d7bea7798e]]'. 
2019-12-07 17:14:57.0265|2|INFO|Microsoft.AspNetCore.Mvc.Internal.ControllerActionInvoker|Executed action CityApp.Controllers.CityController.List (CityApp) in 9.9753ms 
2019-12-07 17:14:57.0265|2|INFO|Microsoft.AspNetCore.Hosting.Internal.WebHost|Request finished in 36.0153ms 200 application/json; charset=utf-8 
2019-12-07 17:28:20.3518||INFO|Microsoft.AspNetCore.DataProtection.KeyManagement.XmlKeyManager|User profile is available. Using 'C:\Users\vovak\AppData\Local\ASP.NET\DataProtection-Keys' as key repository and Windows DPAPI to encrypt keys at rest. 
2019-12-07 17:28:21.7879|1|INFO|Microsoft.AspNetCore.Hosting.Internal.WebHost|Request starting HTTP/1.1 GET https://localhost:5001/   
2019-12-07 17:28:22.0459|2|INFO|Microsoft.AspNetCore.Hosting.Internal.WebHost|Request finished in 258.9286ms 404  
2019-12-07 17:28:26.2509|1|INFO|Microsoft.AspNetCore.Hosting.Internal.WebHost|Request starting HTTP/1.1 PUT http://localhost:5000/cities  0 
2019-12-07 17:28:26.2732|2|INFO|Microsoft.AspNetCore.Hosting.Internal.WebHost|Request finished in 22.3459ms 404  
2019-12-07 17:28:35.9853|1|INFO|Microsoft.AspNetCore.Hosting.Internal.WebHost|Request starting HTTP/1.1 GET http://localhost:5000/cities   
2019-12-07 17:28:36.0310|3|INFO|Microsoft.AspNetCore.Mvc.Internal.ControllerActionInvoker|Route matched with {action = "List", controller = "City"}. Executing controller action with signature Microsoft.AspNetCore.Mvc.IActionResult List() on controller CityApp.Controllers.CityController (CityApp). 
2019-12-07 17:28:36.0570|1|INFO|Microsoft.AspNetCore.Mvc.Internal.ControllerActionInvoker|Executing action method CityApp.Controllers.CityController.List (CityApp) - Validation state: Valid 
2019-12-07 17:28:36.0570|2|INFO|Microsoft.AspNetCore.Mvc.Internal.ControllerActionInvoker|Executed action method CityApp.Controllers.CityController.List (CityApp), returned result Microsoft.AspNetCore.Mvc.OkObjectResult in 1.851ms. 
2019-12-07 17:28:36.0800|1|INFO|Microsoft.AspNetCore.Mvc.Infrastructure.ObjectResultExecutor|Executing ObjectResult, writing value of type 'System.Linq.OrderedEnumerable`2[[CityApp.WiewModels.CityViewModel, CityApp, Version=1.0.0.0, Culture=neutral, PublicKeyToken=null],[System.String, System.Private.CoreLib, Version=4.0.0.0, Culture=neutral, PublicKeyToken=7cec85d7bea7798e]]'. 
2019-12-07 17:28:36.1587|2|INFO|Microsoft.AspNetCore.Mvc.Internal.ControllerActionInvoker|Executed action CityApp.Controllers.CityController.List (CityApp) in 121.9811ms 
2019-12-07 17:28:36.1738|2|INFO|Microsoft.AspNetCore.Hosting.Internal.WebHost|Request finished in 188.5181ms 200 application/json; charset=utf-8 
2019-12-07 17:28:46.3567|1|INFO|Microsoft.AspNetCore.Hosting.Internal.WebHost|Request starting HTTP/1.1 PUT http://localhost:5000/cities/1ecbc07a257f4530819f14b302d130ff  0 
2019-12-07 17:28:46.4037|3|INFO|Microsoft.AspNetCore.Mvc.Internal.ControllerActionInvoker|Route matched with {action = "Put", controller = "City"}. Executing controller action with signature Microsoft.AspNetCore.Mvc.IActionResult Put(System.Guid) on controller CityApp.Controllers.CityController (CityApp). 
2019-12-07 17:28:46.4348|1|INFO|Microsoft.AspNetCore.Mvc.Internal.ControllerActionInvoker|Executing action method CityApp.Controllers.CityController.Put (CityApp) - Validation state: Valid 
2019-12-07 17:28:46.4348|2|INFO|Microsoft.AspNetCore.Mvc.Internal.ControllerActionInvoker|Executed action method CityApp.Controllers.CityController.Put (CityApp), returned result Microsoft.AspNetCore.Mvc.OkResult in 1.5069ms. 
2019-12-07 17:28:46.4348|1|INFO|Microsoft.AspNetCore.Mvc.StatusCodeResult|Executing HttpStatusCodeResult, setting HTTP status code 200 
2019-12-07 17:28:46.4348|2|INFO|Microsoft.AspNetCore.Mvc.Internal.ControllerActionInvoker|Executed action CityApp.Controllers.CityController.Put (CityApp) in 31.8214ms 
2019-12-07 17:28:46.4348|2|INFO|Microsoft.AspNetCore.Hosting.Internal.WebHost|Request finished in 89.0001ms 200  
2019-12-07 17:28:53.1198|1|INFO|Microsoft.AspNetCore.Hosting.Internal.WebHost|Request starting HTTP/1.1 POST http://localhost:5000/cities/1ecbc07a257f4530819f14b302d130ff  0 
2019-12-07 17:28:53.1198|2|INFO|Microsoft.AspNetCore.Hosting.Internal.WebHost|Request finished in 3.3839ms 404  
2019-12-07 17:28:56.0176|1|INFO|Microsoft.AspNetCore.Hosting.Internal.WebHost|Request starting HTTP/1.1 GET http://localhost:5000/cities/1ecbc07a257f4530819f14b302d130ff   
2019-12-07 17:28:56.0358|3|INFO|Microsoft.AspNetCore.Mvc.Internal.ControllerActionInvoker|Route matched with {action = "Get", controller = "City"}. Executing controller action with signature Microsoft.AspNetCore.Mvc.IActionResult Get(System.Guid) on controller CityApp.Controllers.CityController (CityApp). 
2019-12-07 17:28:56.0546|1|INFO|Microsoft.AspNetCore.Mvc.Internal.ControllerActionInvoker|Executing action method CityApp.Controllers.CityController.Get (CityApp) - Validation state: Valid 
2019-12-07 17:28:56.0587|2|INFO|Microsoft.AspNetCore.Mvc.Internal.ControllerActionInvoker|Executed action method CityApp.Controllers.CityController.Get (CityApp), returned result Microsoft.AspNetCore.Mvc.OkObjectResult in 2.3312ms. 
2019-12-07 17:28:56.0587|1|INFO|Microsoft.AspNetCore.Mvc.Infrastructure.ObjectResultExecutor|Executing ObjectResult, writing value of type 'CityApp.WiewModels.DetailCityViewModel'. 
2019-12-07 17:28:56.0587|2|INFO|Microsoft.AspNetCore.Mvc.Internal.ControllerActionInvoker|Executed action CityApp.Controllers.CityController.Get (CityApp) in 13.4721ms 
2019-12-07 17:28:56.0587|2|INFO|Microsoft.AspNetCore.Hosting.Internal.WebHost|Request finished in 51.7743ms 200 application/json; charset=utf-8 
2019-12-07 17:29:04.0783|1|INFO|Microsoft.AspNetCore.Hosting.Internal.WebHost|Request starting HTTP/1.1 PUT http://localhost:5000/cities/1ecbc07a257f4530819f14b302d130ff  0 
2019-12-07 17:29:04.0783|3|INFO|Microsoft.AspNetCore.Mvc.Internal.ControllerActionInvoker|Route matched with {action = "Put", controller = "City"}. Executing controller action with signature Microsoft.AspNetCore.Mvc.IActionResult Put(System.Guid) on controller CityApp.Controllers.CityController (CityApp). 
2019-12-07 17:29:04.0783|1|INFO|Microsoft.AspNetCore.Mvc.Internal.ControllerActionInvoker|Executing action method CityApp.Controllers.CityController.Put (CityApp) - Validation state: Valid 
2019-12-07 17:29:04.0975|2|INFO|Microsoft.AspNetCore.Mvc.Internal.ControllerActionInvoker|Executed action method CityApp.Controllers.CityController.Put (CityApp), returned result Microsoft.AspNetCore.Mvc.OkResult in 0.0251ms. 
2019-12-07 17:29:04.0975|1|INFO|Microsoft.AspNetCore.Mvc.StatusCodeResult|Executing HttpStatusCodeResult, setting HTTP status code 200 
2019-12-07 17:29:04.0975|2|INFO|Microsoft.AspNetCore.Mvc.Internal.ControllerActionInvoker|Executed action CityApp.Controllers.CityController.Put (CityApp) in 18.181ms 
2019-12-07 17:29:04.1158|2|INFO|Microsoft.AspNetCore.Hosting.Internal.WebHost|Request finished in 37.6258ms 200  
2019-12-07 17:30:08.6631||INFO|Microsoft.AspNetCore.DataProtection.KeyManagement.XmlKeyManager|User profile is available. Using 'C:\Users\vovak\AppData\Local\ASP.NET\DataProtection-Keys' as key repository and Windows DPAPI to encrypt keys at rest. 
2019-12-07 17:30:09.9963|1|INFO|Microsoft.AspNetCore.Hosting.Internal.WebHost|Request starting HTTP/1.1 GET https://localhost:5001/   
2019-12-07 17:30:10.2749|2|INFO|Microsoft.AspNetCore.Hosting.Internal.WebHost|Request finished in 278.962ms 404  
2019-12-07 17:30:18.0063|1|INFO|Microsoft.AspNetCore.Hosting.Internal.WebHost|Request starting HTTP/1.1 GET http://localhost:5000/cities   
2019-12-07 17:30:18.0571|3|INFO|Microsoft.AspNetCore.Mvc.Internal.ControllerActionInvoker|Route matched with {action = "List", controller = "City"}. Executing controller action with signature Microsoft.AspNetCore.Mvc.IActionResult List() on controller CityApp.Controllers.CityController (CityApp). 
2019-12-07 17:30:18.0875|1|INFO|Microsoft.AspNetCore.Mvc.Internal.ControllerActionInvoker|Executing action method CityApp.Controllers.CityController.List (CityApp) - Validation state: Valid 
2019-12-07 17:30:18.1109|2|INFO|Microsoft.AspNetCore.Mvc.Internal.ControllerActionInvoker|Executed action method CityApp.Controllers.CityController.List (CityApp), returned result Microsoft.AspNetCore.Mvc.OkObjectResult in 4.7282ms. 
2019-12-07 17:30:18.1248|1|INFO|Microsoft.AspNetCore.Mvc.Infrastructure.ObjectResultExecutor|Executing ObjectResult, writing value of type 'System.Linq.OrderedEnumerable`2[[CityApp.WiewModels.CityViewModel, CityApp, Version=1.0.0.0, Culture=neutral, PublicKeyToken=null],[System.String, System.Private.CoreLib, Version=4.0.0.0, Culture=neutral, PublicKeyToken=7cec85d7bea7798e]]'. 
2019-12-07 17:30:18.1948|2|INFO|Microsoft.AspNetCore.Mvc.Internal.ControllerActionInvoker|Executed action CityApp.Controllers.CityController.List (CityApp) in 130.7348ms 
2019-12-07 17:30:18.1980|2|INFO|Microsoft.AspNetCore.Hosting.Internal.WebHost|Request finished in 191.719ms 200 application/json; charset=utf-8 
2019-12-07 17:30:27.2170|1|INFO|Microsoft.AspNetCore.Hosting.Internal.WebHost|Request starting HTTP/1.1 PUT http://localhost:5000/cities/33799158b5274753a064fc2b1c66ebe8  0 
2019-12-07 17:30:27.2437|3|INFO|Microsoft.AspNetCore.Mvc.Internal.ControllerActionInvoker|Route matched with {action = "Put", controller = "City"}. Executing controller action with signature Microsoft.AspNetCore.Mvc.IActionResult Put(System.Guid) on controller CityApp.Controllers.CityController (CityApp). 
2019-12-07 17:30:27.2645|1|INFO|Microsoft.AspNetCore.Mvc.Internal.ControllerActionInvoker|Executing action method CityApp.Controllers.CityController.Put (CityApp) - Validation state: Valid 
2019-12-07 17:30:27.2645|2|INFO|Microsoft.AspNetCore.Mvc.Internal.ControllerActionInvoker|Executed action method CityApp.Controllers.CityController.Put (CityApp), returned result Microsoft.AspNetCore.Mvc.OkObjectResult in 1.1009ms. 
2019-12-07 17:30:27.2645|1|INFO|Microsoft.AspNetCore.Mvc.Infrastructure.ObjectResultExecutor|Executing ObjectResult, writing value of type 'CityApp.Models.City'. 
2019-12-07 17:30:27.2799|2|INFO|Microsoft.AspNetCore.Mvc.Internal.ControllerActionInvoker|Executed action CityApp.Controllers.CityController.Put (CityApp) in 34.7463ms 
2019-12-07 17:30:27.2799|2|INFO|Microsoft.AspNetCore.Hosting.Internal.WebHost|Request finished in 66.1875ms 200 application/json; charset=utf-8 
2019-12-07 17:31:10.0505|1|INFO|Microsoft.AspNetCore.Hosting.Internal.WebHost|Request starting HTTP/1.1 POST http://localhost:5000/cities  0 
2019-12-07 17:31:10.0621|3|INFO|Microsoft.AspNetCore.Mvc.Internal.ControllerActionInvoker|Route matched with {action = "Create", controller = "City"}. Executing controller action with signature Microsoft.AspNetCore.Mvc.IActionResult Create(CityApp.WiewModels.CreateCityViewModel) on controller CityApp.Controllers.CityController (CityApp). 
2019-12-07 17:31:10.3075|1|INFO|Microsoft.AspNetCore.Mvc.StatusCodeResult|Executing HttpStatusCodeResult, setting HTTP status code 415 
2019-12-07 17:31:10.3075|2|INFO|Microsoft.AspNetCore.Mvc.Internal.ControllerActionInvoker|Executed action CityApp.Controllers.CityController.Create (CityApp) in 243.6586ms 
2019-12-07 17:31:10.3075|2|INFO|Microsoft.AspNetCore.Hosting.Internal.WebHost|Request finished in 259.4767ms 415  
2019-12-07 17:31:16.9277|1|INFO|Microsoft.AspNetCore.Hosting.Internal.WebHost|Request starting HTTP/1.1 GET http://localhost:5000/cities   
2019-12-07 17:31:16.9347|3|INFO|Microsoft.AspNetCore.Mvc.Internal.ControllerActionInvoker|Route matched with {action = "List", controller = "City"}. Executing controller action with signature Microsoft.AspNetCore.Mvc.IActionResult List() on controller CityApp.Controllers.CityController (CityApp). 
2019-12-07 17:31:16.9347|1|INFO|Microsoft.AspNetCore.Mvc.Internal.ControllerActionInvoker|Executing action method CityApp.Controllers.CityController.List (CityApp) - Validation state: Valid 
2019-12-07 17:31:16.9482|2|INFO|Microsoft.AspNetCore.Mvc.Internal.ControllerActionInvoker|Executed action method CityApp.Controllers.CityController.List (CityApp), returned result Microsoft.AspNetCore.Mvc.OkObjectResult in 0.0206ms. 
2019-12-07 17:31:16.9482|1|INFO|Microsoft.AspNetCore.Mvc.Infrastructure.ObjectResultExecutor|Executing ObjectResult, writing value of type 'System.Linq.OrderedEnumerable`2[[CityApp.WiewModels.CityViewModel, CityApp, Version=1.0.0.0, Culture=neutral, PublicKeyToken=null],[System.String, System.Private.CoreLib, Version=4.0.0.0, Culture=neutral, PublicKeyToken=7cec85d7bea7798e]]'. 
2019-12-07 17:31:16.9482|2|INFO|Microsoft.AspNetCore.Mvc.Internal.ControllerActionInvoker|Executed action CityApp.Controllers.CityController.List (CityApp) in 14.3914ms 
2019-12-07 17:31:16.9482|2|INFO|Microsoft.AspNetCore.Hosting.Internal.WebHost|Request finished in 30.387ms 200 application/json; charset=utf-8 
2019-12-07 17:31:28.2507|1|INFO|Microsoft.AspNetCore.Hosting.Internal.WebHost|Request starting HTTP/1.1 GET http://localhost:5000/cities/"33799158b5274753a064fc2b1c66ebe8"   
2019-12-07 17:31:28.2610|3|INFO|Microsoft.AspNetCore.Mvc.Internal.ControllerActionInvoker|Route matched with {action = "Get", controller = "City"}. Executing controller action with signature Microsoft.AspNetCore.Mvc.IActionResult Get(System.Guid) on controller CityApp.Controllers.CityController (CityApp). 
2019-12-07 17:31:28.2610|1|INFO|Microsoft.AspNetCore.Mvc.Internal.ControllerActionInvoker|Executing action method CityApp.Controllers.CityController.Get (CityApp) - Validation state: Invalid 
2019-12-07 17:31:28.2610||WARN|CityApp.Controllers.CityController|Invalid id specified 
2019-12-07 17:31:28.2812|2|INFO|Microsoft.AspNetCore.Mvc.Internal.ControllerActionInvoker|Executed action method CityApp.Controllers.CityController.Get (CityApp), returned result Microsoft.AspNetCore.Mvc.BadRequestResult in 12.217ms. 
2019-12-07 17:31:28.2812|1|INFO|Microsoft.AspNetCore.Mvc.StatusCodeResult|Executing HttpStatusCodeResult, setting HTTP status code 400 
2019-12-07 17:31:28.2812|2|INFO|Microsoft.AspNetCore.Mvc.Internal.ControllerActionInvoker|Executed action CityApp.Controllers.CityController.Get (CityApp) in 20.5448ms 
2019-12-07 17:31:28.2812|2|INFO|Microsoft.AspNetCore.Hosting.Internal.WebHost|Request finished in 33.6569ms 400  
2019-12-07 17:31:36.1679|1|INFO|Microsoft.AspNetCore.Hosting.Internal.WebHost|Request starting HTTP/1.1 GET http://localhost:5000/cities/33799158b5274753a064fc2b1c66ebe8   
2019-12-07 17:31:36.1679|3|INFO|Microsoft.AspNetCore.Mvc.Internal.ControllerActionInvoker|Route matched with {action = "Get", controller = "City"}. Executing controller action with signature Microsoft.AspNetCore.Mvc.IActionResult Get(System.Guid) on controller CityApp.Controllers.CityController (CityApp). 
2019-12-07 17:31:36.1679|1|INFO|Microsoft.AspNetCore.Mvc.Internal.ControllerActionInvoker|Executing action method CityApp.Controllers.CityController.Get (CityApp) - Validation state: Valid 
2019-12-07 17:31:36.1679|2|INFO|Microsoft.AspNetCore.Mvc.Internal.ControllerActionInvoker|Executed action method CityApp.Controllers.CityController.Get (CityApp), returned result Microsoft.AspNetCore.Mvc.OkObjectResult in 1.4644ms. 
2019-12-07 17:31:36.1679|1|INFO|Microsoft.AspNetCore.Mvc.Infrastructure.ObjectResultExecutor|Executing ObjectResult, writing value of type 'CityApp.WiewModels.DetailCityViewModel'. 
2019-12-07 17:31:36.1906|2|INFO|Microsoft.AspNetCore.Mvc.Internal.ControllerActionInvoker|Executed action CityApp.Controllers.CityController.Get (CityApp) in 14.2166ms 
2019-12-07 17:31:36.1906|2|INFO|Microsoft.AspNetCore.Hosting.Internal.WebHost|Request finished in 24.7659ms 200 application/json; charset=utf-8 
2019-12-07 17:31:46.2124|1|INFO|Microsoft.AspNetCore.Hosting.Internal.WebHost|Request starting HTTP/1.1 POST http://localhost:5000/cities  0 
2019-12-07 17:31:46.2200|3|INFO|Microsoft.AspNetCore.Mvc.Internal.ControllerActionInvoker|Route matched with {action = "Create", controller = "City"}. Executing controller action with signature Microsoft.AspNetCore.Mvc.IActionResult Create(CityApp.WiewModels.CreateCityViewModel) on controller CityApp.Controllers.CityController (CityApp). 
2019-12-07 17:31:46.2309|1|INFO|Microsoft.AspNetCore.Mvc.StatusCodeResult|Executing HttpStatusCodeResult, setting HTTP status code 415 
2019-12-07 17:31:46.2309|2|INFO|Microsoft.AspNetCore.Mvc.Internal.ControllerActionInvoker|Executed action CityApp.Controllers.CityController.Create (CityApp) in 8.5501ms 
2019-12-07 17:31:46.2491|2|INFO|Microsoft.AspNetCore.Hosting.Internal.WebHost|Request finished in 33.1816ms 415  
2019-12-07 17:32:02.7844|1|INFO|Microsoft.AspNetCore.Hosting.Internal.WebHost|Request starting HTTP/1.1 GET http://localhost:5000/cities   
2019-12-07 17:32:02.8006|3|INFO|Microsoft.AspNetCore.Mvc.Internal.ControllerActionInvoker|Route matched with {action = "List", controller = "City"}. Executing controller action with signature Microsoft.AspNetCore.Mvc.IActionResult List() on controller CityApp.Controllers.CityController (CityApp). 
2019-12-07 17:32:02.8006|1|INFO|Microsoft.AspNetCore.Mvc.Internal.ControllerActionInvoker|Executing action method CityApp.Controllers.CityController.List (CityApp) - Validation state: Valid 
2019-12-07 17:32:02.8006|2|INFO|Microsoft.AspNetCore.Mvc.Internal.ControllerActionInvoker|Executed action method CityApp.Controllers.CityController.List (CityApp), returned result Microsoft.AspNetCore.Mvc.OkObjectResult in 0.0185ms. 
2019-12-07 17:32:02.8154|1|INFO|Microsoft.AspNetCore.Mvc.Infrastructure.ObjectResultExecutor|Executing ObjectResult, writing value of type 'System.Linq.OrderedEnumerable`2[[CityApp.WiewModels.CityViewModel, CityApp, Version=1.0.0.0, Culture=neutral, PublicKeyToken=null],[System.String, System.Private.CoreLib, Version=4.0.0.0, Culture=neutral, PublicKeyToken=7cec85d7bea7798e]]'. 
2019-12-07 17:32:02.8154|2|INFO|Microsoft.AspNetCore.Mvc.Internal.ControllerActionInvoker|Executed action CityApp.Controllers.CityController.List (CityApp) in 14.5373ms 
2019-12-07 17:32:02.8154|2|INFO|Microsoft.AspNetCore.Hosting.Internal.WebHost|Request finished in 33.0054ms 200 application/json; charset=utf-8 
2019-12-07 17:32:16.4799|1|INFO|Microsoft.AspNetCore.Hosting.Internal.WebHost|Request starting HTTP/1.1 GET http://localhost:5000/cities/33799158b5274753a064fc2b1c66ebe8   
2019-12-07 17:32:16.4799|3|INFO|Microsoft.AspNetCore.Mvc.Internal.ControllerActionInvoker|Route matched with {action = "Get", controller = "City"}. Executing controller action with signature Microsoft.AspNetCore.Mvc.IActionResult Get(System.Guid) on controller CityApp.Controllers.CityController (CityApp). 
2019-12-07 17:32:16.4799|1|INFO|Microsoft.AspNetCore.Mvc.Internal.ControllerActionInvoker|Executing action method CityApp.Controllers.CityController.Get (CityApp) - Validation state: Valid 
2019-12-07 17:32:16.4799|2|INFO|Microsoft.AspNetCore.Mvc.Internal.ControllerActionInvoker|Executed action method CityApp.Controllers.CityController.Get (CityApp), returned result Microsoft.AspNetCore.Mvc.OkObjectResult in 0.025ms. 
2019-12-07 17:32:16.4964|1|INFO|Microsoft.AspNetCore.Mvc.Infrastructure.ObjectResultExecutor|Executing ObjectResult, writing value of type 'CityApp.WiewModels.DetailCityViewModel'. 
2019-12-07 17:32:16.4964|2|INFO|Microsoft.AspNetCore.Mvc.Internal.ControllerActionInvoker|Executed action CityApp.Controllers.CityController.Get (CityApp) in 19.0639ms 
2019-12-07 17:32:16.4964|2|INFO|Microsoft.AspNetCore.Hosting.Internal.WebHost|Request finished in 27.7368ms 200 application/json; charset=utf-8 
2019-12-07 17:32:31.1999|1|INFO|Microsoft.AspNetCore.Hosting.Internal.WebHost|Request starting HTTP/1.1 POST http://localhost:5000/cities  0 
2019-12-07 17:32:31.1999|3|INFO|Microsoft.AspNetCore.Mvc.Internal.ControllerActionInvoker|Route matched with {action = "Create", controller = "City"}. Executing controller action with signature Microsoft.AspNetCore.Mvc.IActionResult Create(CityApp.WiewModels.CreateCityViewModel) on controller CityApp.Controllers.CityController (CityApp). 
2019-12-07 17:32:31.1999|1|INFO|Microsoft.AspNetCore.Mvc.StatusCodeResult|Executing HttpStatusCodeResult, setting HTTP status code 415 
2019-12-07 17:32:31.2148|2|INFO|Microsoft.AspNetCore.Mvc.Internal.ControllerActionInvoker|Executed action CityApp.Controllers.CityController.Create (CityApp) in 7.5595ms 
2019-12-07 17:32:31.2148|2|INFO|Microsoft.AspNetCore.Hosting.Internal.WebHost|Request finished in 17.3817ms 415  
2019-12-07 17:33:39.3583|1|INFO|Microsoft.AspNetCore.Hosting.Internal.WebHost|Request starting HTTP/1.1 POST http://localhost:5000/cities  0 
2019-12-07 17:33:39.3803|3|INFO|Microsoft.AspNetCore.Mvc.Internal.ControllerActionInvoker|Route matched with {action = "Create", controller = "City"}. Executing controller action with signature Microsoft.AspNetCore.Mvc.IActionResult Create(CityApp.WiewModels.CreateCityViewModel) on controller CityApp.Controllers.CityController (CityApp). 
2019-12-07 17:33:39.3803|1|INFO|Microsoft.AspNetCore.Mvc.StatusCodeResult|Executing HttpStatusCodeResult, setting HTTP status code 415 
2019-12-07 17:33:39.3903|2|INFO|Microsoft.AspNetCore.Mvc.Internal.ControllerActionInvoker|Executed action CityApp.Controllers.CityController.Create (CityApp) in 8.0673ms 
2019-12-07 17:33:39.3903|2|INFO|Microsoft.AspNetCore.Hosting.Internal.WebHost|Request finished in 33.5193ms 415  
2019-12-07 17:34:24.4003||INFO|Microsoft.AspNetCore.DataProtection.KeyManagement.XmlKeyManager|User profile is available. Using 'C:\Users\vovak\AppData\Local\ASP.NET\DataProtection-Keys' as key repository and Windows DPAPI to encrypt keys at rest. 
2019-12-07 17:34:26.0255|1|INFO|Microsoft.AspNetCore.Hosting.Internal.WebHost|Request starting HTTP/1.1 GET https://localhost:5001/   
2019-12-07 17:34:26.2600|2|INFO|Microsoft.AspNetCore.Hosting.Internal.WebHost|Request finished in 234.8928ms 404  
2019-12-07 17:34:29.7518|1|INFO|Microsoft.AspNetCore.Hosting.Internal.WebHost|Request starting HTTP/1.1 POST http://localhost:5000/cities  0 
2019-12-07 17:34:29.8198|3|INFO|Microsoft.AspNetCore.Mvc.Internal.ControllerActionInvoker|Route matched with {action = "Create", controller = "City"}. Executing controller action with signature Microsoft.AspNetCore.Mvc.IActionResult Create(CityApp.WiewModels.CreateCityViewModel) on controller CityApp.Controllers.CityController (CityApp). 
2019-12-07 17:34:29.9209|1|INFO|Microsoft.AspNetCore.Mvc.StatusCodeResult|Executing HttpStatusCodeResult, setting HTTP status code 415 
2019-12-07 17:34:29.9209|2|INFO|Microsoft.AspNetCore.Mvc.Internal.ControllerActionInvoker|Executed action CityApp.Controllers.CityController.Create (CityApp) in 101.9212ms 
2019-12-07 17:34:29.9209|2|INFO|Microsoft.AspNetCore.Hosting.Internal.WebHost|Request finished in 175.9506ms 415  
2019-12-07 17:35:19.5796|1|INFO|Microsoft.AspNetCore.Hosting.Internal.WebHost|Request starting HTTP/1.1 POST http://localhost:5000/cities  0 
2019-12-07 17:35:19.5912|3|INFO|Microsoft.AspNetCore.Mvc.Internal.ControllerActionInvoker|Route matched with {action = "Create", controller = "City"}. Executing controller action with signature Microsoft.AspNetCore.Mvc.IActionResult Create(CityApp.WiewModels.CreateCityViewModel) on controller CityApp.Controllers.CityController (CityApp). 
2019-12-07 17:35:19.5912|1|INFO|Microsoft.AspNetCore.Mvc.StatusCodeResult|Executing HttpStatusCodeResult, setting HTTP status code 415 
2019-12-07 17:35:19.6285|2|INFO|Microsoft.AspNetCore.Mvc.Internal.ControllerActionInvoker|Executed action CityApp.Controllers.CityController.Create (CityApp) in 34.4949ms 
2019-12-07 17:35:19.6285|2|INFO|Microsoft.AspNetCore.Hosting.Internal.WebHost|Request finished in 50.1731ms 415  
2019-12-07 17:51:01.8306||INFO|Microsoft.AspNetCore.DataProtection.KeyManagement.XmlKeyManager|User profile is available. Using 'C:\Users\vovak\AppData\Local\ASP.NET\DataProtection-Keys' as key repository and Windows DPAPI to encrypt keys at rest. 
2019-12-07 17:51:03.4459|1|INFO|Microsoft.AspNetCore.Hosting.Internal.WebHost|Request starting HTTP/1.1 GET https://localhost:5001/   
2019-12-07 17:51:03.7129|2|INFO|Microsoft.AspNetCore.Hosting.Internal.WebHost|Request finished in 268.3471ms 404  
2019-12-07 17:51:14.8057|1|INFO|Microsoft.AspNetCore.Hosting.Internal.WebHost|Request starting HTTP/1.1 POST http://localhost:5000/cities  0 
2019-12-07 17:51:14.8588|3|INFO|Microsoft.AspNetCore.Mvc.Internal.ControllerActionInvoker|Route matched with {action = "Create", controller = "City"}. Executing controller action with signature Microsoft.AspNetCore.Mvc.IActionResult Create(CityApp.WiewModels.CreateCityViewModel) on controller CityApp.Controllers.CityController (CityApp). 
2019-12-07 17:51:14.9665|1|INFO|Microsoft.AspNetCore.Mvc.StatusCodeResult|Executing HttpStatusCodeResult, setting HTTP status code 415 
2019-12-07 17:51:14.9665|2|INFO|Microsoft.AspNetCore.Mvc.Internal.ControllerActionInvoker|Executed action CityApp.Controllers.CityController.Create (CityApp) in 107.6139ms 
2019-12-07 17:51:14.9665|2|INFO|Microsoft.AspNetCore.Hosting.Internal.WebHost|Request finished in 168.3747ms 415  
2019-12-07 17:52:40.1102|1|INFO|Microsoft.AspNetCore.Hosting.Internal.WebHost|Request starting HTTP/1.1 GET http://localhost:5000/cities application/json  
2019-12-07 17:52:40.1456|3|INFO|Microsoft.AspNetCore.Mvc.Internal.ControllerActionInvoker|Route matched with {action = "List", controller = "City"}. Executing controller action with signature Microsoft.AspNetCore.Mvc.IActionResult List() on controller CityApp.Controllers.CityController (CityApp). 
2019-12-07 17:52:40.1696|1|INFO|Microsoft.AspNetCore.Mvc.Internal.ControllerActionInvoker|Executing action method CityApp.Controllers.CityController.List (CityApp) - Validation state: Valid 
2019-12-07 17:52:40.1696|2|INFO|Microsoft.AspNetCore.Mvc.Internal.ControllerActionInvoker|Executed action method CityApp.Controllers.CityController.List (CityApp), returned result Microsoft.AspNetCore.Mvc.OkObjectResult in 2.1211ms. 
2019-12-07 17:52:40.1872|1|INFO|Microsoft.AspNetCore.Mvc.Infrastructure.ObjectResultExecutor|Executing ObjectResult, writing value of type 'System.Linq.OrderedEnumerable`2[[CityApp.WiewModels.CityViewModel, CityApp, Version=1.0.0.0, Culture=neutral, PublicKeyToken=null],[System.String, System.Private.CoreLib, Version=4.0.0.0, Culture=neutral, PublicKeyToken=7cec85d7bea7798e]]'. 
2019-12-07 17:52:40.2732|2|INFO|Microsoft.AspNetCore.Mvc.Internal.ControllerActionInvoker|Executed action CityApp.Controllers.CityController.List (CityApp) in 126.5255ms 
2019-12-07 17:52:40.2779|2|INFO|Microsoft.AspNetCore.Hosting.Internal.WebHost|Request finished in 167.7625ms 200 application/json; charset=utf-8 
2019-12-07 17:52:49.2056|1|INFO|Microsoft.AspNetCore.Hosting.Internal.WebHost|Request starting HTTP/1.1 GET http://localhost:5000/cities/ad25e9f204594695acf4fcf4e79a51f5 application/json  
2019-12-07 17:52:49.2056|3|INFO|Microsoft.AspNetCore.Mvc.Internal.ControllerActionInvoker|Route matched with {action = "Get", controller = "City"}. Executing controller action with signature Microsoft.AspNetCore.Mvc.IActionResult Get(System.Guid) on controller CityApp.Controllers.CityController (CityApp). 
2019-12-07 17:52:49.2252|1|INFO|Microsoft.AspNetCore.Mvc.Internal.ControllerActionInvoker|Executing action method CityApp.Controllers.CityController.Get (CityApp) - Validation state: Valid 
2019-12-07 17:52:49.2252|2|INFO|Microsoft.AspNetCore.Mvc.Internal.ControllerActionInvoker|Executed action method CityApp.Controllers.CityController.Get (CityApp), returned result Microsoft.AspNetCore.Mvc.OkObjectResult in 2.0923ms. 
2019-12-07 17:52:49.2298|1|INFO|Microsoft.AspNetCore.Mvc.Infrastructure.ObjectResultExecutor|Executing ObjectResult, writing value of type 'CityApp.WiewModels.DetailCityViewModel'. 
2019-12-07 17:52:49.2298|2|INFO|Microsoft.AspNetCore.Mvc.Internal.ControllerActionInvoker|Executed action CityApp.Controllers.CityController.Get (CityApp) in 20.7291ms 
2019-12-07 17:52:49.2298|2|INFO|Microsoft.AspNetCore.Hosting.Internal.WebHost|Request finished in 29.7928ms 200 application/json; charset=utf-8 
2019-12-07 17:53:24.7289|1|INFO|Microsoft.AspNetCore.Hosting.Internal.WebHost|Request starting HTTP/1.1 PUT http://localhost:5000/cities application/json 85 
2019-12-07 17:53:24.7289|2|INFO|Microsoft.AspNetCore.Hosting.Internal.WebHost|Request finished in 7.9797ms 404  
2019-12-07 17:53:24.7568|32|INFO|Microsoft.AspNetCore.Server.Kestrel|Connection id "0HLRR4JGMC8GD", Request id "0HLRR4JGMC8GD:00000004": the application completed without reading the entire request body. 
2019-12-07 17:53:33.6651|1|INFO|Microsoft.AspNetCore.Hosting.Internal.WebHost|Request starting HTTP/1.1 POST http://localhost:5000/cities application/json 85 
2019-12-07 17:53:33.6670|3|INFO|Microsoft.AspNetCore.Mvc.Internal.ControllerActionInvoker|Route matched with {action = "Create", controller = "City"}. Executing controller action with signature Microsoft.AspNetCore.Mvc.IActionResult Create(CityApp.WiewModels.CreateCityViewModel) on controller CityApp.Controllers.CityController (CityApp). 
2019-12-07 17:53:33.6955|1|INFO|Microsoft.AspNetCore.Mvc.Internal.ControllerActionInvoker|Executing action method CityApp.Controllers.CityController.Create (CityApp) - Validation state: Valid 
2019-12-07 17:53:33.6980|2|INFO|Microsoft.AspNetCore.Mvc.Internal.ControllerActionInvoker|Executed action method CityApp.Controllers.CityController.Create (CityApp), returned result Microsoft.AspNetCore.Mvc.CreatedAtActionResult in 1.5958ms. 
2019-12-07 17:53:33.6980|1|INFO|Microsoft.AspNetCore.Mvc.Infrastructure.ObjectResultExecutor|Executing ObjectResult, writing value of type 'CityApp.Models.City'. 
2019-12-07 17:53:33.7174|2|INFO|Microsoft.AspNetCore.Mvc.Internal.ControllerActionInvoker|Executed action CityApp.Controllers.CityController.Create (CityApp) in 48.9111ms 
2019-12-07 17:53:33.7174|2|INFO|Microsoft.AspNetCore.Hosting.Internal.WebHost|Request finished in 57.5977ms 201 application/json; charset=utf-8 
2019-12-07 17:53:44.0528|1|INFO|Microsoft.AspNetCore.Hosting.Internal.WebHost|Request starting HTTP/1.1 GET http://localhost:5000/cities application/json 85 
2019-12-07 17:53:44.0528|3|INFO|Microsoft.AspNetCore.Mvc.Internal.ControllerActionInvoker|Route matched with {action = "List", controller = "City"}. Executing controller action with signature Microsoft.AspNetCore.Mvc.IActionResult List() on controller CityApp.Controllers.CityController (CityApp). 
2019-12-07 17:53:44.0528|1|INFO|Microsoft.AspNetCore.Mvc.Internal.ControllerActionInvoker|Executing action method CityApp.Controllers.CityController.List (CityApp) - Validation state: Valid 
2019-12-07 17:53:44.0576|2|INFO|Microsoft.AspNetCore.Mvc.Internal.ControllerActionInvoker|Executed action method CityApp.Controllers.CityController.List (CityApp), returned result Microsoft.AspNetCore.Mvc.OkObjectResult in 0.0243ms. 
2019-12-07 17:53:44.0576|1|INFO|Microsoft.AspNetCore.Mvc.Infrastructure.ObjectResultExecutor|Executing ObjectResult, writing value of type 'System.Linq.OrderedEnumerable`2[[CityApp.WiewModels.CityViewModel, CityApp, Version=1.0.0.0, Culture=neutral, PublicKeyToken=null],[System.String, System.Private.CoreLib, Version=4.0.0.0, Culture=neutral, PublicKeyToken=7cec85d7bea7798e]]'. 
2019-12-07 17:53:44.0576|2|INFO|Microsoft.AspNetCore.Mvc.Internal.ControllerActionInvoker|Executed action CityApp.Controllers.CityController.List (CityApp) in 5.443ms 
2019-12-07 17:53:44.0576|2|INFO|Microsoft.AspNetCore.Hosting.Internal.WebHost|Request finished in 10.6608ms 200 application/json; charset=utf-8 
2019-12-07 17:53:44.0576|32|INFO|Microsoft.AspNetCore.Server.Kestrel|Connection id "0HLRR4JGMC8GD", Request id "0HLRR4JGMC8GD:00000006": the application completed without reading the entire request body. 
2019-12-07 18:18:37.0035||INFO|Microsoft.AspNetCore.DataProtection.KeyManagement.XmlKeyManager|User profile is available. Using 'C:\Users\vovak\AppData\Local\ASP.NET\DataProtection-Keys' as key repository and Windows DPAPI to encrypt keys at rest. 
2019-12-07 18:18:38.4674|1|INFO|Microsoft.AspNetCore.Hosting.Internal.WebHost|Request starting HTTP/1.1 GET https://localhost:5001/   
2019-12-07 18:18:38.7297|2|INFO|Microsoft.AspNetCore.Hosting.Internal.WebHost|Request finished in 262.8006ms 404  
2019-12-07 18:18:45.7859|1|INFO|Microsoft.AspNetCore.Hosting.Internal.WebHost|Request starting HTTP/1.1 GET http://localhost:5000/cities application/json 85 
2019-12-07 18:18:45.8182|3|INFO|Microsoft.AspNetCore.Mvc.Internal.ControllerActionInvoker|Route matched with {action = "List", controller = "City"}. Executing controller action with signature Microsoft.AspNetCore.Mvc.IActionResult List() on controller CityApp.Controllers.CityController (CityApp). 
2019-12-07 18:18:45.8338|1|INFO|Microsoft.AspNetCore.Mvc.Internal.ControllerActionInvoker|Executing action method CityApp.Controllers.CityController.List (CityApp) - Validation state: Valid 
2019-12-07 18:18:45.8396|2|INFO|Microsoft.AspNetCore.Mvc.Internal.ControllerActionInvoker|Executed action method CityApp.Controllers.CityController.List (CityApp), returned result Microsoft.AspNetCore.Mvc.OkObjectResult in 1.3993ms. 
2019-12-07 18:18:45.8622|1|INFO|Microsoft.AspNetCore.Mvc.Infrastructure.ObjectResultExecutor|Executing ObjectResult, writing value of type 'System.Linq.OrderedEnumerable`2[[CityApp.WiewModels.CityViewModel, CityApp, Version=1.0.0.0, Culture=neutral, PublicKeyToken=null],[System.String, System.Private.CoreLib, Version=4.0.0.0, Culture=neutral, PublicKeyToken=7cec85d7bea7798e]]'. 
2019-12-07 18:18:45.9495|2|INFO|Microsoft.AspNetCore.Mvc.Internal.ControllerActionInvoker|Executed action CityApp.Controllers.CityController.List (CityApp) in 126.629ms 
2019-12-07 18:18:45.9495|2|INFO|Microsoft.AspNetCore.Hosting.Internal.WebHost|Request finished in 168.7284ms 200 application/json; charset=utf-8 
2019-12-07 18:18:45.9737|32|INFO|Microsoft.AspNetCore.Server.Kestrel|Connection id "0HLRR52TTD27C", Request id "0HLRR52TTD27C:00000001": the application completed without reading the entire request body. 
2019-12-07 18:18:54.7625|1|INFO|Microsoft.AspNetCore.Hosting.Internal.WebHost|Request starting HTTP/1.1 POST http://localhost:5000/cities application/json 85 
2019-12-07 18:18:54.7843|3|INFO|Microsoft.AspNetCore.Mvc.Internal.ControllerActionInvoker|Route matched with {action = "Create", controller = "City"}. Executing controller action with signature Microsoft.AspNetCore.Mvc.IActionResult Create(CityApp.WiewModels.CreateCityViewModel) on controller CityApp.Controllers.CityController (CityApp). 
2019-12-07 18:18:54.8322|1|INFO|Microsoft.AspNetCore.Mvc.Internal.ControllerActionInvoker|Executing action method CityApp.Controllers.CityController.Create (CityApp) - Validation state: Valid 
2019-12-07 18:18:54.8322|2|INFO|Microsoft.AspNetCore.Mvc.Internal.ControllerActionInvoker|Executed action method CityApp.Controllers.CityController.Create (CityApp), returned result Microsoft.AspNetCore.Mvc.CreatedAtActionResult in 1.8949ms. 
2019-12-07 18:18:54.8385|1|INFO|Microsoft.AspNetCore.Mvc.Infrastructure.ObjectResultExecutor|Executing ObjectResult, writing value of type 'CityApp.Models.City'. 
2019-12-07 18:18:54.8610|2|INFO|Microsoft.AspNetCore.Mvc.Internal.ControllerActionInvoker|Executed action CityApp.Controllers.CityController.Create (CityApp) in 75.6034ms 
2019-12-07 18:18:54.8610|2|INFO|Microsoft.AspNetCore.Hosting.Internal.WebHost|Request finished in 100.0445ms 201 application/json; charset=utf-8 
2019-12-07 18:19:00.0211|1|INFO|Microsoft.AspNetCore.Hosting.Internal.WebHost|Request starting HTTP/1.1 GET http://localhost:5000/cities application/json 85 
2019-12-07 18:19:00.0500|3|INFO|Microsoft.AspNetCore.Mvc.Internal.ControllerActionInvoker|Route matched with {action = "List", controller = "City"}. Executing controller action with signature Microsoft.AspNetCore.Mvc.IActionResult List() on controller CityApp.Controllers.CityController (CityApp). 
2019-12-07 18:19:00.0500|1|INFO|Microsoft.AspNetCore.Mvc.Internal.ControllerActionInvoker|Executing action method CityApp.Controllers.CityController.List (CityApp) - Validation state: Valid 
2019-12-07 18:19:00.0500|2|INFO|Microsoft.AspNetCore.Mvc.Internal.ControllerActionInvoker|Executed action method CityApp.Controllers.CityController.List (CityApp), returned result Microsoft.AspNetCore.Mvc.OkObjectResult in 0.0317ms. 
2019-12-07 18:19:00.0568|1|INFO|Microsoft.AspNetCore.Mvc.Infrastructure.ObjectResultExecutor|Executing ObjectResult, writing value of type 'System.Linq.OrderedEnumerable`2[[CityApp.WiewModels.CityViewModel, CityApp, Version=1.0.0.0, Culture=neutral, PublicKeyToken=null],[System.String, System.Private.CoreLib, Version=4.0.0.0, Culture=neutral, PublicKeyToken=7cec85d7bea7798e]]'. 
2019-12-07 18:19:00.0568|2|INFO|Microsoft.AspNetCore.Mvc.Internal.ControllerActionInvoker|Executed action CityApp.Controllers.CityController.List (CityApp) in 6.9354ms 
2019-12-07 18:19:00.0568|2|INFO|Microsoft.AspNetCore.Hosting.Internal.WebHost|Request finished in 42.0337ms 200 application/json; charset=utf-8 
2019-12-07 18:19:00.0568|32|INFO|Microsoft.AspNetCore.Server.Kestrel|Connection id "0HLRR52TTD27C", Request id "0HLRR52TTD27C:00000003": the application completed without reading the entire request body. 
2019-12-07 18:19:24.9044|1|INFO|Microsoft.AspNetCore.Hosting.Internal.WebHost|Request starting HTTP/1.1 POST http://localhost:5000/cities/44ae14a05a3f4bf8a9c965c1a5df65c4 application/json 85 
2019-12-07 18:19:24.9205|2|INFO|Microsoft.AspNetCore.Hosting.Internal.WebHost|Request finished in 16.1595ms 404  
2019-12-07 18:19:24.9205|32|INFO|Microsoft.AspNetCore.Server.Kestrel|Connection id "0HLRR52TTD27C", Request id "0HLRR52TTD27C:00000004": the application completed without reading the entire request body. 
2019-12-07 18:19:28.9289|1|INFO|Microsoft.AspNetCore.Hosting.Internal.WebHost|Request starting HTTP/1.1 POST http://localhost:5000/cities/44ae14a05a3f4bf8a9c965c1a5df65c4 application/json 85 
2019-12-07 18:19:28.9289|2|INFO|Microsoft.AspNetCore.Hosting.Internal.WebHost|Request finished in 2.0512ms 404  
2019-12-07 18:19:28.9389|32|INFO|Microsoft.AspNetCore.Server.Kestrel|Connection id "0HLRR52TTD27C", Request id "0HLRR52TTD27C:00000005": the application completed without reading the entire request body. 
2019-12-07 18:19:37.0161|1|INFO|Microsoft.AspNetCore.Hosting.Internal.WebHost|Request starting HTTP/1.1 GET http://localhost:5000/cities application/json 85 
2019-12-07 18:19:37.0161|3|INFO|Microsoft.AspNetCore.Mvc.Internal.ControllerActionInvoker|Route matched with {action = "List", controller = "City"}. Executing controller action with signature Microsoft.AspNetCore.Mvc.IActionResult List() on controller CityApp.Controllers.CityController (CityApp). 
2019-12-07 18:19:37.0161|1|INFO|Microsoft.AspNetCore.Mvc.Internal.ControllerActionInvoker|Executing action method CityApp.Controllers.CityController.List (CityApp) - Validation state: Valid 
2019-12-07 18:19:37.0161|2|INFO|Microsoft.AspNetCore.Mvc.Internal.ControllerActionInvoker|Executed action method CityApp.Controllers.CityController.List (CityApp), returned result Microsoft.AspNetCore.Mvc.OkObjectResult in 0.0133ms. 
2019-12-07 18:19:37.0161|1|INFO|Microsoft.AspNetCore.Mvc.Infrastructure.ObjectResultExecutor|Executing ObjectResult, writing value of type 'System.Linq.OrderedEnumerable`2[[CityApp.WiewModels.CityViewModel, CityApp, Version=1.0.0.0, Culture=neutral, PublicKeyToken=null],[System.String, System.Private.CoreLib, Version=4.0.0.0, Culture=neutral, PublicKeyToken=7cec85d7bea7798e]]'. 
2019-12-07 18:19:37.0161|2|INFO|Microsoft.AspNetCore.Mvc.Internal.ControllerActionInvoker|Executed action CityApp.Controllers.CityController.List (CityApp) in 3.7546ms 
2019-12-07 18:19:37.0161|2|INFO|Microsoft.AspNetCore.Hosting.Internal.WebHost|Request finished in 8.1183ms 200 application/json; charset=utf-8 
2019-12-07 18:19:37.0260|32|INFO|Microsoft.AspNetCore.Server.Kestrel|Connection id "0HLRR52TTD27C", Request id "0HLRR52TTD27C:00000006": the application completed without reading the entire request body. 
2019-12-07 18:19:45.8101|1|INFO|Microsoft.AspNetCore.Hosting.Internal.WebHost|Request starting HTTP/1.1 GET http://localhost:5000/cities/44ae14a05a3f4bf8a9c965c1a5df65c4 application/json 85 
2019-12-07 18:19:45.8101|3|INFO|Microsoft.AspNetCore.Mvc.Internal.ControllerActionInvoker|Route matched with {action = "Get", controller = "City"}. Executing controller action with signature Microsoft.AspNetCore.Mvc.IActionResult Get(System.Guid) on controller CityApp.Controllers.CityController (CityApp). 
2019-12-07 18:19:45.8219|1|INFO|Microsoft.AspNetCore.Mvc.Internal.ControllerActionInvoker|Executing action method CityApp.Controllers.CityController.Get (CityApp) - Validation state: Valid 
2019-12-07 18:19:45.8219|2|INFO|Microsoft.AspNetCore.Mvc.Internal.ControllerActionInvoker|Executed action method CityApp.Controllers.CityController.Get (CityApp), returned result Microsoft.AspNetCore.Mvc.OkObjectResult in 2.6566ms. 
2019-12-07 18:19:45.8219|1|INFO|Microsoft.AspNetCore.Mvc.Infrastructure.ObjectResultExecutor|Executing ObjectResult, writing value of type 'CityApp.WiewModels.DetailCityViewModel'. 
2019-12-07 18:19:45.8219|2|INFO|Microsoft.AspNetCore.Mvc.Internal.ControllerActionInvoker|Executed action CityApp.Controllers.CityController.Get (CityApp) in 11.1628ms 
2019-12-07 18:19:45.8219|2|INFO|Microsoft.AspNetCore.Hosting.Internal.WebHost|Request finished in 23.3077ms 200 application/json; charset=utf-8 
2019-12-07 18:19:45.8427|32|INFO|Microsoft.AspNetCore.Server.Kestrel|Connection id "0HLRR52TTD27C", Request id "0HLRR52TTD27C:00000007": the application completed without reading the entire request body. 
2019-12-07 18:19:49.2657|1|INFO|Microsoft.AspNetCore.Hosting.Internal.WebHost|Request starting HTTP/1.1 POST http://localhost:5000/cities/44ae14a05a3f4bf8a9c965c1a5df65c4 application/json 85 
2019-12-07 18:19:49.2657|2|INFO|Microsoft.AspNetCore.Hosting.Internal.WebHost|Request finished in 4.7461ms 404  
2019-12-07 18:19:49.2863|32|INFO|Microsoft.AspNetCore.Server.Kestrel|Connection id "0HLRR52TTD27C", Request id "0HLRR52TTD27C:00000008": the application completed without reading the entire request body. 
2019-12-07 18:19:56.0414|1|INFO|Microsoft.AspNetCore.Hosting.Internal.WebHost|Request starting HTTP/1.1 GET http://localhost:5000/cities application/json 85 
2019-12-07 18:19:56.0414|3|INFO|Microsoft.AspNetCore.Mvc.Internal.ControllerActionInvoker|Route matched with {action = "List", controller = "City"}. Executing controller action with signature Microsoft.AspNetCore.Mvc.IActionResult List() on controller CityApp.Controllers.CityController (CityApp). 
2019-12-07 18:19:56.0414|1|INFO|Microsoft.AspNetCore.Mvc.Internal.ControllerActionInvoker|Executing action method CityApp.Controllers.CityController.List (CityApp) - Validation state: Valid 
2019-12-07 18:19:56.0414|2|INFO|Microsoft.AspNetCore.Mvc.Internal.ControllerActionInvoker|Executed action method CityApp.Controllers.CityController.List (CityApp), returned result Microsoft.AspNetCore.Mvc.OkObjectResult in 0.0218ms. 
2019-12-07 18:19:56.0414|1|INFO|Microsoft.AspNetCore.Mvc.Infrastructure.ObjectResultExecutor|Executing ObjectResult, writing value of type 'System.Linq.OrderedEnumerable`2[[CityApp.WiewModels.CityViewModel, CityApp, Version=1.0.0.0, Culture=neutral, PublicKeyToken=null],[System.String, System.Private.CoreLib, Version=4.0.0.0, Culture=neutral, PublicKeyToken=7cec85d7bea7798e]]'. 
2019-12-07 18:19:56.0414|2|INFO|Microsoft.AspNetCore.Mvc.Internal.ControllerActionInvoker|Executed action CityApp.Controllers.CityController.List (CityApp) in 4.4609ms 
2019-12-07 18:19:56.0414|2|INFO|Microsoft.AspNetCore.Hosting.Internal.WebHost|Request finished in 10.4442ms 200 application/json; charset=utf-8 
2019-12-07 18:19:56.0414|32|INFO|Microsoft.AspNetCore.Server.Kestrel|Connection id "0HLRR52TTD27C", Request id "0HLRR52TTD27C:00000009": the application completed without reading the entire request body. 
2019-12-07 18:20:07.2007|1|INFO|Microsoft.AspNetCore.Hosting.Internal.WebHost|Request starting HTTP/1.1 DELETE http://localhost:5000/cities/44ae14a05a3f4bf8a9c965c1a5df65c4 application/json 85 
2019-12-07 18:20:07.2007|3|INFO|Microsoft.AspNetCore.Mvc.Internal.ControllerActionInvoker|Route matched with {action = "Delete", controller = "City"}. Executing controller action with signature Microsoft.AspNetCore.Mvc.IActionResult Delete(System.Guid) on controller CityApp.Controllers.CityController (CityApp). 
2019-12-07 18:20:07.2007|1|INFO|Microsoft.AspNetCore.Mvc.Internal.ControllerActionInvoker|Executing action method CityApp.Controllers.CityController.Delete (CityApp) - Validation state: Valid 
2019-12-07 18:20:07.2007|2|INFO|Microsoft.AspNetCore.Mvc.Internal.ControllerActionInvoker|Executed action method CityApp.Controllers.CityController.Delete (CityApp), returned result Microsoft.AspNetCore.Mvc.OkResult in 1.7516ms. 
2019-12-07 18:20:07.2152|1|INFO|Microsoft.AspNetCore.Mvc.StatusCodeResult|Executing HttpStatusCodeResult, setting HTTP status code 200 
2019-12-07 18:20:07.2152|2|INFO|Microsoft.AspNetCore.Mvc.Internal.ControllerActionInvoker|Executed action CityApp.Controllers.CityController.Delete (CityApp) in 9.6511ms 
2019-12-07 18:20:07.2152|2|INFO|Microsoft.AspNetCore.Hosting.Internal.WebHost|Request finished in 16.6527ms 200  
2019-12-07 18:20:07.2152|32|INFO|Microsoft.AspNetCore.Server.Kestrel|Connection id "0HLRR52TTD27C", Request id "0HLRR52TTD27C:0000000A": the application completed without reading the entire request body. 
2019-12-07 18:20:13.9672|1|INFO|Microsoft.AspNetCore.Hosting.Internal.WebHost|Request starting HTTP/1.1 GET http://localhost:5000/cities application/json 85 
2019-12-07 18:20:13.9672|3|INFO|Microsoft.AspNetCore.Mvc.Internal.ControllerActionInvoker|Route matched with {action = "List", controller = "City"}. Executing controller action with signature Microsoft.AspNetCore.Mvc.IActionResult List() on controller CityApp.Controllers.CityController (CityApp). 
2019-12-07 18:20:13.9672|1|INFO|Microsoft.AspNetCore.Mvc.Internal.ControllerActionInvoker|Executing action method CityApp.Controllers.CityController.List (CityApp) - Validation state: Valid 
2019-12-07 18:20:13.9672|2|INFO|Microsoft.AspNetCore.Mvc.Internal.ControllerActionInvoker|Executed action method CityApp.Controllers.CityController.List (CityApp), returned result Microsoft.AspNetCore.Mvc.OkObjectResult in 0.018ms. 
2019-12-07 18:20:13.9672|1|INFO|Microsoft.AspNetCore.Mvc.Infrastructure.ObjectResultExecutor|Executing ObjectResult, writing value of type 'System.Linq.OrderedEnumerable`2[[CityApp.WiewModels.CityViewModel, CityApp, Version=1.0.0.0, Culture=neutral, PublicKeyToken=null],[System.String, System.Private.CoreLib, Version=4.0.0.0, Culture=neutral, PublicKeyToken=7cec85d7bea7798e]]'. 
2019-12-07 18:20:13.9672|2|INFO|Microsoft.AspNetCore.Mvc.Internal.ControllerActionInvoker|Executed action CityApp.Controllers.CityController.List (CityApp) in 6.5496ms 
2019-12-07 18:20:13.9795|2|INFO|Microsoft.AspNetCore.Hosting.Internal.WebHost|Request finished in 12.3643ms 200 application/json; charset=utf-8 
2019-12-07 18:20:14.0164|32|INFO|Microsoft.AspNetCore.Server.Kestrel|Connection id "0HLRR52TTD27C", Request id "0HLRR52TTD27C:0000000B": the application completed without reading the entire request body. 
2019-12-07 18:20:32.7866|1|INFO|Microsoft.AspNetCore.Hosting.Internal.WebHost|Request starting HTTP/1.1 POST http://localhost:5000/cities application/json 85 
2019-12-07 18:20:32.7938|3|INFO|Microsoft.AspNetCore.Mvc.Internal.ControllerActionInvoker|Route matched with {action = "Create", controller = "City"}. Executing controller action with signature Microsoft.AspNetCore.Mvc.IActionResult Create(CityApp.WiewModels.CreateCityViewModel) on controller CityApp.Controllers.CityController (CityApp). 
2019-12-07 18:20:32.8239|1|INFO|Microsoft.AspNetCore.Mvc.Internal.ControllerActionInvoker|Executing action method CityApp.Controllers.CityController.Create (CityApp) - Validation state: Valid 
2019-12-07 18:20:32.8239|2|INFO|Microsoft.AspNetCore.Mvc.Internal.ControllerActionInvoker|Executed action method CityApp.Controllers.CityController.Create (CityApp), returned result Microsoft.AspNetCore.Mvc.CreatedAtActionResult in 0.046ms. 
2019-12-07 18:20:32.8239|1|INFO|Microsoft.AspNetCore.Mvc.Infrastructure.ObjectResultExecutor|Executing ObjectResult, writing value of type 'CityApp.Models.City'. 
2019-12-07 18:20:32.8239|2|INFO|Microsoft.AspNetCore.Mvc.Internal.ControllerActionInvoker|Executed action CityApp.Controllers.CityController.Create (CityApp) in 13.2264ms 
2019-12-07 18:20:32.8239|2|INFO|Microsoft.AspNetCore.Hosting.Internal.WebHost|Request finished in 47.1393ms 201 application/json; charset=utf-8 
2019-12-07 18:21:09.0351|1|INFO|Microsoft.AspNetCore.Hosting.Internal.WebHost|Request starting HTTP/1.1 PUT http://localhost:5000/cities/b804996b-9d31-4abc-938d-75f3c917bf00 application/json 85 
2019-12-07 18:21:09.0467|3|INFO|Microsoft.AspNetCore.Mvc.Internal.ControllerActionInvoker|Route matched with {action = "Put", controller = "City"}. Executing controller action with signature Microsoft.AspNetCore.Mvc.IActionResult Put(CityApp.Models.City) on controller CityApp.Controllers.CityController (CityApp). 
2019-12-07 18:21:09.0467|1|INFO|Microsoft.AspNetCore.Mvc.Internal.ControllerActionInvoker|Executing action method CityApp.Controllers.CityController.Put (CityApp) - Validation state: Valid 
2019-12-07 18:24:16.2664||INFO|Microsoft.AspNetCore.DataProtection.KeyManagement.XmlKeyManager|User profile is available. Using 'C:\Users\vovak\AppData\Local\ASP.NET\DataProtection-Keys' as key repository and Windows DPAPI to encrypt keys at rest. 
2019-12-07 18:24:17.9163|1|INFO|Microsoft.AspNetCore.Hosting.Internal.WebHost|Request starting HTTP/1.1 GET https://localhost:5001/   
2019-12-07 18:24:18.1653|2|INFO|Microsoft.AspNetCore.Hosting.Internal.WebHost|Request finished in 249.285ms 404  
2019-12-07 18:24:24.0131|1|INFO|Microsoft.AspNetCore.Hosting.Internal.WebHost|Request starting HTTP/1.1 GET http://localhost:5000/cities application/json 85 
2019-12-07 18:24:24.0533|3|INFO|Microsoft.AspNetCore.Mvc.Internal.ControllerActionInvoker|Route matched with {action = "List", controller = "City"}. Executing controller action with signature Microsoft.AspNetCore.Mvc.IActionResult List() on controller CityApp.Controllers.CityController (CityApp). 
2019-12-07 18:24:24.0710|1|INFO|Microsoft.AspNetCore.Mvc.Internal.ControllerActionInvoker|Executing action method CityApp.Controllers.CityController.List (CityApp) - Validation state: Valid 
2019-12-07 18:24:24.0798|2|INFO|Microsoft.AspNetCore.Mvc.Internal.ControllerActionInvoker|Executed action method CityApp.Controllers.CityController.List (CityApp), returned result Microsoft.AspNetCore.Mvc.OkObjectResult in 1.3483ms. 
2019-12-07 18:24:24.0953|1|INFO|Microsoft.AspNetCore.Mvc.Infrastructure.ObjectResultExecutor|Executing ObjectResult, writing value of type 'System.Linq.OrderedEnumerable`2[[CityApp.WiewModels.CityViewModel, CityApp, Version=1.0.0.0, Culture=neutral, PublicKeyToken=null],[System.String, System.Private.CoreLib, Version=4.0.0.0, Culture=neutral, PublicKeyToken=7cec85d7bea7798e]]'. 
2019-12-07 18:24:24.1624|2|INFO|Microsoft.AspNetCore.Mvc.Internal.ControllerActionInvoker|Executed action CityApp.Controllers.CityController.List (CityApp) in 103.5503ms 
2019-12-07 18:24:24.1950|2|INFO|Microsoft.AspNetCore.Hosting.Internal.WebHost|Request finished in 181.8947ms 200 application/json; charset=utf-8 
2019-12-07 18:24:24.2188|32|INFO|Microsoft.AspNetCore.Server.Kestrel|Connection id "0HLRR5633334G", Request id "0HLRR5633334G:00000001": the application completed without reading the entire request body. 
2019-12-07 18:24:37.3282|1|INFO|Microsoft.AspNetCore.Hosting.Internal.WebHost|Request starting HTTP/1.1 GET http://localhost:5000/cities/35ef6a25ed4f4fd4b7cf4c3c6d3451e1 application/json 85 
2019-12-07 18:24:37.3457|3|INFO|Microsoft.AspNetCore.Mvc.Internal.ControllerActionInvoker|Route matched with {action = "Get", controller = "City"}. Executing controller action with signature Microsoft.AspNetCore.Mvc.IActionResult Get(System.Guid) on controller CityApp.Controllers.CityController (CityApp). 
2019-12-07 18:24:37.3727|1|INFO|Microsoft.AspNetCore.Mvc.Internal.ControllerActionInvoker|Executing action method CityApp.Controllers.CityController.Get (CityApp) - Validation state: Valid 
2019-12-07 18:24:37.3727|2|INFO|Microsoft.AspNetCore.Mvc.Internal.ControllerActionInvoker|Executed action method CityApp.Controllers.CityController.Get (CityApp), returned result Microsoft.AspNetCore.Mvc.OkObjectResult in 2.7812ms. 
2019-12-07 18:24:37.3727|1|INFO|Microsoft.AspNetCore.Mvc.Infrastructure.ObjectResultExecutor|Executing ObjectResult, writing value of type 'CityApp.WiewModels.DetailCityViewModel'. 
2019-12-07 18:24:37.3727|2|INFO|Microsoft.AspNetCore.Mvc.Internal.ControllerActionInvoker|Executed action CityApp.Controllers.CityController.Get (CityApp) in 36.5025ms 
2019-12-07 18:24:37.3846|2|INFO|Microsoft.AspNetCore.Hosting.Internal.WebHost|Request finished in 56.5108ms 200 application/json; charset=utf-8 
2019-12-07 18:24:37.3846|32|INFO|Microsoft.AspNetCore.Server.Kestrel|Connection id "0HLRR5633334G", Request id "0HLRR5633334G:00000002": the application completed without reading the entire request body. 
2019-12-07 18:25:57.1700||INFO|Microsoft.AspNetCore.DataProtection.KeyManagement.XmlKeyManager|User profile is available. Using 'C:\Users\vovak\AppData\Local\ASP.NET\DataProtection-Keys' as key repository and Windows DPAPI to encrypt keys at rest. 
2019-12-07 18:25:58.4436|1|INFO|Microsoft.AspNetCore.Hosting.Internal.WebHost|Request starting HTTP/1.1 GET https://localhost:5001/   
2019-12-07 18:25:58.7004|2|INFO|Microsoft.AspNetCore.Hosting.Internal.WebHost|Request finished in 256.8974ms 404  
2019-12-07 18:26:03.5603|1|INFO|Microsoft.AspNetCore.Hosting.Internal.WebHost|Request starting HTTP/1.1 GET http://localhost:5000/cities application/json 142 
2019-12-07 18:26:03.5938|3|INFO|Microsoft.AspNetCore.Mvc.Internal.ControllerActionInvoker|Route matched with {action = "List", controller = "City"}. Executing controller action with signature Microsoft.AspNetCore.Mvc.IActionResult List() on controller CityApp.Controllers.CityController (CityApp). 
2019-12-07 18:26:03.6135|1|INFO|Microsoft.AspNetCore.Mvc.Internal.ControllerActionInvoker|Executing action method CityApp.Controllers.CityController.List (CityApp) - Validation state: Valid 
2019-12-07 18:26:03.6212|2|INFO|Microsoft.AspNetCore.Mvc.Internal.ControllerActionInvoker|Executed action method CityApp.Controllers.CityController.List (CityApp), returned result Microsoft.AspNetCore.Mvc.OkObjectResult in 1.8657ms. 
2019-12-07 18:26:03.6388|1|INFO|Microsoft.AspNetCore.Mvc.Infrastructure.ObjectResultExecutor|Executing ObjectResult, writing value of type 'System.Linq.OrderedEnumerable`2[[CityApp.WiewModels.CityViewModel, CityApp, Version=1.0.0.0, Culture=neutral, PublicKeyToken=null],[System.String, System.Private.CoreLib, Version=4.0.0.0, Culture=neutral, PublicKeyToken=7cec85d7bea7798e]]'. 
2019-12-07 18:26:03.7085|2|INFO|Microsoft.AspNetCore.Mvc.Internal.ControllerActionInvoker|Executed action CityApp.Controllers.CityController.List (CityApp) in 108.2101ms 
2019-12-07 18:26:03.7085|2|INFO|Microsoft.AspNetCore.Hosting.Internal.WebHost|Request finished in 151.3173ms 200 application/json; charset=utf-8 
2019-12-07 18:26:03.7281|32|INFO|Microsoft.AspNetCore.Server.Kestrel|Connection id "0HLRR5711QU56", Request id "0HLRR5711QU56:00000001": the application completed without reading the entire request body. 
2019-12-07 18:26:30.7004|1|INFO|Microsoft.AspNetCore.Hosting.Internal.WebHost|Request starting HTTP/1.1 PUT http://localhost:5000/cities application/json 145 
2019-12-07 18:26:30.7350|3|INFO|Microsoft.AspNetCore.Mvc.Internal.ControllerActionInvoker|Route matched with {action = "Put", controller = "City"}. Executing controller action with signature Microsoft.AspNetCore.Mvc.IActionResult Put(CityApp.Models.City) on controller CityApp.Controllers.CityController (CityApp). 
2019-12-07 18:26:30.7744|1|INFO|Microsoft.AspNetCore.Mvc.Internal.ControllerActionInvoker|Executing action method CityApp.Controllers.CityController.Put (CityApp) - Validation state: Valid 
2019-12-07 18:26:30.7836|2|INFO|Microsoft.AspNetCore.Mvc.Internal.ControllerActionInvoker|Executed action method CityApp.Controllers.CityController.Put (CityApp), returned result Microsoft.AspNetCore.Mvc.OkResult in 8.0921ms. 
2019-12-07 18:26:30.7836|1|INFO|Microsoft.AspNetCore.Mvc.StatusCodeResult|Executing HttpStatusCodeResult, setting HTTP status code 200 
2019-12-07 18:26:30.7909|2|INFO|Microsoft.AspNetCore.Mvc.Internal.ControllerActionInvoker|Executed action CityApp.Controllers.CityController.Put (CityApp) in 54.9373ms 
2019-12-07 18:26:30.7909|2|INFO|Microsoft.AspNetCore.Hosting.Internal.WebHost|Request finished in 91.7411ms 200  
2019-12-07 18:26:39.2810|1|INFO|Microsoft.AspNetCore.Hosting.Internal.WebHost|Request starting HTTP/1.1 GET http://localhost:5000/cities application/json 145 
2019-12-07 18:26:39.2810|3|INFO|Microsoft.AspNetCore.Mvc.Internal.ControllerActionInvoker|Route matched with {action = "List", controller = "City"}. Executing controller action with signature Microsoft.AspNetCore.Mvc.IActionResult List() on controller CityApp.Controllers.CityController (CityApp). 
2019-12-07 18:26:39.2810|1|INFO|Microsoft.AspNetCore.Mvc.Internal.ControllerActionInvoker|Executing action method CityApp.Controllers.CityController.List (CityApp) - Validation state: Valid 
2019-12-07 18:26:39.2810|2|INFO|Microsoft.AspNetCore.Mvc.Internal.ControllerActionInvoker|Executed action method CityApp.Controllers.CityController.List (CityApp), returned result Microsoft.AspNetCore.Mvc.OkObjectResult in 0.0282ms. 
2019-12-07 18:26:39.2810|1|INFO|Microsoft.AspNetCore.Mvc.Infrastructure.ObjectResultExecutor|Executing ObjectResult, writing value of type 'System.Linq.OrderedEnumerable`2[[CityApp.WiewModels.CityViewModel, CityApp, Version=1.0.0.0, Culture=neutral, PublicKeyToken=null],[System.String, System.Private.CoreLib, Version=4.0.0.0, Culture=neutral, PublicKeyToken=7cec85d7bea7798e]]'. 
2019-12-07 18:26:39.2810|2|INFO|Microsoft.AspNetCore.Mvc.Internal.ControllerActionInvoker|Executed action CityApp.Controllers.CityController.List (CityApp) in 3.7546ms 
2019-12-07 18:26:39.2810|2|INFO|Microsoft.AspNetCore.Hosting.Internal.WebHost|Request finished in 9.0115ms 200 application/json; charset=utf-8 
2019-12-07 18:26:39.2914|32|INFO|Microsoft.AspNetCore.Server.Kestrel|Connection id "0HLRR5711QU56", Request id "0HLRR5711QU56:00000003": the application completed without reading the entire request body. 
2019-12-07 18:26:56.0290|1|INFO|Microsoft.AspNetCore.Hosting.Internal.WebHost|Request starting HTTP/1.1 GET http://localhost:5000/cities/717c5ff8611c4ea1bcfa8409b7eb1c12 application/json 145 
2019-12-07 18:26:56.0669|3|INFO|Microsoft.AspNetCore.Mvc.Internal.ControllerActionInvoker|Route matched with {action = "Get", controller = "City"}. Executing controller action with signature Microsoft.AspNetCore.Mvc.IActionResult Get(System.Guid) on controller CityApp.Controllers.CityController (CityApp). 
2019-12-07 18:26:56.0669|1|INFO|Microsoft.AspNetCore.Mvc.Internal.ControllerActionInvoker|Executing action method CityApp.Controllers.CityController.Get (CityApp) - Validation state: Valid 
2019-12-07 18:26:56.0669|2|INFO|Microsoft.AspNetCore.Mvc.Internal.ControllerActionInvoker|Executed action method CityApp.Controllers.CityController.Get (CityApp), returned result Microsoft.AspNetCore.Mvc.OkObjectResult in 2.236ms. 
2019-12-07 18:26:56.0736|1|INFO|Microsoft.AspNetCore.Mvc.Infrastructure.ObjectResultExecutor|Executing ObjectResult, writing value of type 'CityApp.WiewModels.DetailCityViewModel'. 
2019-12-07 18:26:56.0736|2|INFO|Microsoft.AspNetCore.Mvc.Internal.ControllerActionInvoker|Executed action CityApp.Controllers.CityController.Get (CityApp) in 9.1259ms 
2019-12-07 18:26:56.0736|2|INFO|Microsoft.AspNetCore.Hosting.Internal.WebHost|Request finished in 49.2505ms 200 application/json; charset=utf-8 
2019-12-07 18:26:56.0736|32|INFO|Microsoft.AspNetCore.Server.Kestrel|Connection id "0HLRR5711QU56", Request id "0HLRR5711QU56:00000004": the application completed without reading the entire request body. 
