2019-12-10 01:08:54.2159||INFO|Microsoft.AspNetCore.DataProtection.KeyManagement.XmlKeyManager|User profile is available. Using 'C:\Users\vovak\AppData\Local\ASP.NET\DataProtection-Keys' as key repository and Windows DPAPI to encrypt keys at rest. 
2019-12-10 01:08:56.2011|1|INFO|Microsoft.AspNetCore.Hosting.Internal.WebHost|Request starting HTTP/1.1 GET https://localhost:5001/   
2019-12-10 01:08:56.4856|2|INFO|Microsoft.AspNetCore.Hosting.Internal.WebHost|Request finished in 284.6855ms 404  
2019-12-10 01:09:07.5917|1|INFO|Microsoft.AspNetCore.Hosting.Internal.WebHost|Request starting HTTP/1.1 GET http://localhost:5000/cities/ application/json 138 
2019-12-10 01:09:07.6370|3|INFO|Microsoft.AspNetCore.Mvc.Internal.ControllerActionInvoker|Route matched with {action = "List", controller = "City"}. Executing controller action with signature Microsoft.AspNetCore.Mvc.IActionResult List() on controller CityApp.Controllers.CityController (CityApp). 
2019-12-10 01:09:07.6587|1|INFO|Microsoft.AspNetCore.Mvc.Internal.ControllerActionInvoker|Executing action method CityApp.Controllers.CityController.List (CityApp) - Validation state: Valid 
2019-12-10 01:09:07.6587|2|INFO|Microsoft.AspNetCore.Mvc.Internal.ControllerActionInvoker|Executed action method CityApp.Controllers.CityController.List (CityApp), returned result Microsoft.AspNetCore.Mvc.OkObjectResult in 1.5017ms. 
2019-12-10 01:09:07.6755|1|INFO|Microsoft.AspNetCore.Mvc.Infrastructure.ObjectResultExecutor|Executing ObjectResult, writing value of type 'System.Linq.OrderedEnumerable`2[[CityApp.WiewModels.CityViewModel, CityApp, Version=1.0.0.0, Culture=neutral, PublicKeyToken=null],[System.String, System.Private.CoreLib, Version=4.0.0.0, Culture=neutral, PublicKeyToken=7cec85d7bea7798e]]'. 
2019-12-10 01:09:07.7932|2|INFO|Microsoft.AspNetCore.Mvc.Internal.ControllerActionInvoker|Executed action CityApp.Controllers.CityController.List (CityApp) in 145.6208ms 
2019-12-10 01:09:07.7932|2|INFO|Microsoft.AspNetCore.Hosting.Internal.WebHost|Request finished in 205.4788ms 200 application/json; charset=utf-8 
2019-12-10 01:09:07.8223|32|INFO|Microsoft.AspNetCore.Server.Kestrel|Connection id "0HLRSUHGSLUDA", Request id "0HLRSUHGSLUDA:00000001": the application completed without reading the entire request body. 
2019-12-10 01:09:29.3363|1|INFO|Microsoft.AspNetCore.Hosting.Internal.WebHost|Request starting HTTP/1.1 PUT http://localhost:5000/cities/ application/json 138 
2019-12-10 01:09:29.3716|3|INFO|Microsoft.AspNetCore.Mvc.Internal.ControllerActionInvoker|Route matched with {action = "Update", controller = "City"}. Executing controller action with signature Microsoft.AspNetCore.Mvc.IActionResult Update(CityApp.WiewModels.UpadateCityViewModel) on controller CityApp.Controllers.CityController (CityApp). 
2019-12-10 01:09:29.4309|1|INFO|Microsoft.AspNetCore.Mvc.Internal.ControllerActionInvoker|Executing action method CityApp.Controllers.CityController.Update (CityApp) - Validation state: Valid 
2019-12-10 01:09:29.4346|2|INFO|Microsoft.AspNetCore.Mvc.Internal.ControllerActionInvoker|Executed action method CityApp.Controllers.CityController.Update (CityApp), returned result Microsoft.AspNetCore.Mvc.OkResult in 2.3332ms. 
2019-12-10 01:09:29.4512|1|INFO|Microsoft.AspNetCore.Mvc.StatusCodeResult|Executing HttpStatusCodeResult, setting HTTP status code 200 
2019-12-10 01:09:29.4512|2|INFO|Microsoft.AspNetCore.Mvc.Internal.ControllerActionInvoker|Executed action CityApp.Controllers.CityController.Update (CityApp) in 80.2253ms 
2019-12-10 01:09:29.4512|2|INFO|Microsoft.AspNetCore.Hosting.Internal.WebHost|Request finished in 117.6324ms 200  
2019-12-10 01:09:35.0077|1|INFO|Microsoft.AspNetCore.Hosting.Internal.WebHost|Request starting HTTP/1.1 GET http://localhost:5000/cities/ application/json 138 
2019-12-10 01:09:35.0291|3|INFO|Microsoft.AspNetCore.Mvc.Internal.ControllerActionInvoker|Route matched with {action = "List", controller = "City"}. Executing controller action with signature Microsoft.AspNetCore.Mvc.IActionResult List() on controller CityApp.Controllers.CityController (CityApp). 
2019-12-10 01:09:35.0291|1|INFO|Microsoft.AspNetCore.Mvc.Internal.ControllerActionInvoker|Executing action method CityApp.Controllers.CityController.List (CityApp) - Validation state: Valid 
2019-12-10 01:09:35.0291|2|INFO|Microsoft.AspNetCore.Mvc.Internal.ControllerActionInvoker|Executed action method CityApp.Controllers.CityController.List (CityApp), returned result Microsoft.AspNetCore.Mvc.OkObjectResult in 0.0305ms. 
2019-12-10 01:09:35.0291|1|INFO|Microsoft.AspNetCore.Mvc.Infrastructure.ObjectResultExecutor|Executing ObjectResult, writing value of type 'System.Linq.OrderedEnumerable`2[[CityApp.WiewModels.CityViewModel, CityApp, Version=1.0.0.0, Culture=neutral, PublicKeyToken=null],[System.String, System.Private.CoreLib, Version=4.0.0.0, Culture=neutral, PublicKeyToken=7cec85d7bea7798e]]'. 
2019-12-10 01:09:35.0477|2|INFO|Microsoft.AspNetCore.Mvc.Internal.ControllerActionInvoker|Executed action CityApp.Controllers.CityController.List (CityApp) in 15.212ms 
2019-12-10 01:09:35.0477|2|INFO|Microsoft.AspNetCore.Hosting.Internal.WebHost|Request finished in 41.5574ms 200 application/json; charset=utf-8 
2019-12-10 01:09:35.0477|32|INFO|Microsoft.AspNetCore.Server.Kestrel|Connection id "0HLRSUHGSLUDA", Request id "0HLRSUHGSLUDA:00000003": the application completed without reading the entire request body. 
2019-12-10 01:31:39.3536||INFO|Microsoft.AspNetCore.DataProtection.KeyManagement.XmlKeyManager|User profile is available. Using 'C:\Users\vovak\AppData\Local\ASP.NET\DataProtection-Keys' as key repository and Windows DPAPI to encrypt keys at rest. 
2019-12-10 01:31:41.0334|1|INFO|Microsoft.AspNetCore.Hosting.Internal.WebHost|Request starting HTTP/1.1 GET https://localhost:5001/   
2019-12-10 01:31:41.2568|2|INFO|Microsoft.AspNetCore.Hosting.Internal.WebHost|Request finished in 223.7831ms 404  
2019-12-10 11:52:06.9985||INFO|Microsoft.AspNetCore.DataProtection.KeyManagement.XmlKeyManager|User profile is available. Using 'C:\Users\vovak\AppData\Local\ASP.NET\DataProtection-Keys' as key repository and Windows DPAPI to encrypt keys at rest. 
2019-12-10 11:52:10.7237|1|INFO|Microsoft.AspNetCore.Hosting.Internal.WebHost|Request starting HTTP/1.1 GET https://localhost:5001/   
2019-12-10 11:52:12.1512|2|INFO|Microsoft.AspNetCore.Hosting.Internal.WebHost|Request finished in 1429.8231ms 404  
2019-12-10 11:52:36.6187|1|INFO|Microsoft.AspNetCore.Hosting.Internal.WebHost|Request starting HTTP/1.1 GET http://localhost:5000/cities/ application/json 138 
2019-12-10 11:52:36.6957|3|INFO|Microsoft.AspNetCore.Mvc.Internal.ControllerActionInvoker|Route matched with {action = "List", controller = "City"}. Executing controller action with signature Microsoft.AspNetCore.Mvc.IActionResult List() on controller CityApp.Controllers.CityController (CityApp). 
2019-12-10 11:52:36.7157|1|INFO|Microsoft.AspNetCore.Mvc.Internal.ControllerActionInvoker|Executing action method CityApp.Controllers.CityController.List (CityApp) - Validation state: Valid 
2019-12-10 11:52:36.7157|2|INFO|Microsoft.AspNetCore.Mvc.Internal.ControllerActionInvoker|Executed action method CityApp.Controllers.CityController.List (CityApp), returned result Microsoft.AspNetCore.Mvc.OkObjectResult in 1.7176ms. 
2019-12-10 11:52:36.7316|1|INFO|Microsoft.AspNetCore.Mvc.Infrastructure.ObjectResultExecutor|Executing ObjectResult, writing value of type 'System.Linq.OrderedEnumerable`2[[CityApp.WiewModels.CityViewModel, CityApp, Version=1.0.0.0, Culture=neutral, PublicKeyToken=null],[System.String, System.Private.CoreLib, Version=4.0.0.0, Culture=neutral, PublicKeyToken=7cec85d7bea7798e]]'. 
2019-12-10 11:52:36.8304|2|INFO|Microsoft.AspNetCore.Mvc.Internal.ControllerActionInvoker|Executed action CityApp.Controllers.CityController.List (CityApp) in 122.4539ms 
2019-12-10 11:52:36.8304|2|INFO|Microsoft.AspNetCore.Hosting.Internal.WebHost|Request finished in 216.5545ms 200 application/json; charset=utf-8 
2019-12-10 11:52:36.8501|32|INFO|Microsoft.AspNetCore.Server.Kestrel|Connection id "0HLRT9OUHFO6A", Request id "0HLRT9OUHFO6A:00000001": the application completed without reading the entire request body. 
2019-12-10 11:52:54.8391|1|INFO|Microsoft.AspNetCore.Hosting.Internal.WebHost|Request starting HTTP/1.1 POST http://localhost:5000/cities/aa4af350ab4949aa9e73e6a7d185dff2 application/json 138 
2019-12-10 11:52:54.8391|2|INFO|Microsoft.AspNetCore.Hosting.Internal.WebHost|Request finished in 4.6897ms 404  
2019-12-10 11:52:54.8740|32|INFO|Microsoft.AspNetCore.Server.Kestrel|Connection id "0HLRT9OUHFO6A", Request id "0HLRT9OUHFO6A:00000002": the application completed without reading the entire request body. 
2019-12-10 11:53:01.1136|1|INFO|Microsoft.AspNetCore.Hosting.Internal.WebHost|Request starting HTTP/1.1 GET http://localhost:5000/cities/aa4af350ab4949aa9e73e6a7d185dff2 application/json 138 
2019-12-10 11:53:01.1673|3|INFO|Microsoft.AspNetCore.Mvc.Internal.ControllerActionInvoker|Route matched with {action = "Get", controller = "City"}. Executing controller action with signature Microsoft.AspNetCore.Mvc.IActionResult Get(System.Guid) on controller CityApp.Controllers.CityController (CityApp). 
2019-12-10 11:53:01.1911|1|INFO|Microsoft.AspNetCore.Mvc.Internal.ControllerActionInvoker|Executing action method CityApp.Controllers.CityController.Get (CityApp) - Validation state: Valid 
2019-12-10 11:53:01.1911|2|INFO|Microsoft.AspNetCore.Mvc.Internal.ControllerActionInvoker|Executed action method CityApp.Controllers.CityController.Get (CityApp), returned result Microsoft.AspNetCore.Mvc.OkObjectResult in 2.722ms. 
2019-12-10 11:53:01.1911|1|INFO|Microsoft.AspNetCore.Mvc.Infrastructure.ObjectResultExecutor|Executing ObjectResult, writing value of type 'CityApp.WiewModels.DetailCityViewModel'. 
2019-12-10 11:53:01.2046|2|INFO|Microsoft.AspNetCore.Mvc.Internal.ControllerActionInvoker|Executed action CityApp.Controllers.CityController.Get (CityApp) in 36.1891ms 
2019-12-10 11:53:01.2046|2|INFO|Microsoft.AspNetCore.Hosting.Internal.WebHost|Request finished in 92.3985ms 200 application/json; charset=utf-8 
2019-12-10 11:53:01.2046|32|INFO|Microsoft.AspNetCore.Server.Kestrel|Connection id "0HLRT9OUHFO6A", Request id "0HLRT9OUHFO6A:00000003": the application completed without reading the entire request body. 
2019-12-10 11:55:02.0992||INFO|Microsoft.AspNetCore.DataProtection.KeyManagement.XmlKeyManager|User profile is available. Using 'C:\Users\vovak\AppData\Local\ASP.NET\DataProtection-Keys' as key repository and Windows DPAPI to encrypt keys at rest. 
2019-12-10 11:55:05.0236|1|INFO|Microsoft.AspNetCore.Hosting.Internal.WebHost|Request starting HTTP/1.1 GET https://localhost:5001/   
2019-12-10 11:55:05.3759|2|INFO|Microsoft.AspNetCore.Hosting.Internal.WebHost|Request finished in 352.8551ms 404  
2019-12-10 11:55:31.5415|1|INFO|Microsoft.AspNetCore.Hosting.Internal.WebHost|Request starting HTTP/1.1 PUT http://localhost:5000/cities/ application/json 110 
2019-12-10 11:55:31.5580|2|INFO|Microsoft.AspNetCore.Hosting.Internal.WebHost|Request finished in 16.5075ms 404  
2019-12-10 11:55:31.5790|32|INFO|Microsoft.AspNetCore.Server.Kestrel|Connection id "0HLRT9QIHEMGQ", Request id "0HLRT9QIHEMGQ:00000001": the application completed without reading the entire request body. 
2019-12-10 11:55:37.2444|1|INFO|Microsoft.AspNetCore.Hosting.Internal.WebHost|Request starting HTTP/1.1 GET http://localhost:5000/cities/ application/json 110 
2019-12-10 11:55:37.2748|3|INFO|Microsoft.AspNetCore.Mvc.Internal.ControllerActionInvoker|Route matched with {action = "List", controller = "City"}. Executing controller action with signature Microsoft.AspNetCore.Mvc.IActionResult List() on controller CityApp.Controllers.CityController (CityApp). 
2019-12-10 11:55:37.2904|1|INFO|Microsoft.AspNetCore.Mvc.Internal.ControllerActionInvoker|Executing action method CityApp.Controllers.CityController.List (CityApp) - Validation state: Valid 
2019-12-10 11:55:37.2904|2|INFO|Microsoft.AspNetCore.Mvc.Internal.ControllerActionInvoker|Executed action method CityApp.Controllers.CityController.List (CityApp), returned result Microsoft.AspNetCore.Mvc.OkObjectResult in 1.3665ms. 
2019-12-10 11:55:37.3052|1|INFO|Microsoft.AspNetCore.Mvc.Infrastructure.ObjectResultExecutor|Executing ObjectResult, writing value of type 'System.Linq.OrderedEnumerable`2[[CityApp.WiewModels.CityViewModel, CityApp, Version=1.0.0.0, Culture=neutral, PublicKeyToken=null],[System.String, System.Private.CoreLib, Version=4.0.0.0, Culture=neutral, PublicKeyToken=7cec85d7bea7798e]]'. 
2019-12-10 11:55:37.3780|2|INFO|Microsoft.AspNetCore.Mvc.Internal.ControllerActionInvoker|Executed action CityApp.Controllers.CityController.List (CityApp) in 96.1025ms 
2019-12-10 11:55:37.3780|2|INFO|Microsoft.AspNetCore.Hosting.Internal.WebHost|Request finished in 136.7251ms 200 application/json; charset=utf-8 
2019-12-10 11:55:37.3840|32|INFO|Microsoft.AspNetCore.Server.Kestrel|Connection id "0HLRT9QIHEMGQ", Request id "0HLRT9QIHEMGQ:00000002": the application completed without reading the entire request body. 
2019-12-10 11:55:53.9356|1|INFO|Microsoft.AspNetCore.Hosting.Internal.WebHost|Request starting HTTP/1.1 PUT http://localhost:5000/cities/9da533e4f67541409ad0f627f71f1c02 application/json 110 
2019-12-10 11:55:53.9693|3|INFO|Microsoft.AspNetCore.Mvc.Internal.ControllerActionInvoker|Route matched with {action = "Update", controller = "City"}. Executing controller action with signature Microsoft.AspNetCore.Mvc.IActionResult Update(CityApp.WiewModels.UpadateCityViewModel, System.Guid) on controller CityApp.Controllers.CityController (CityApp). 
2019-12-10 11:55:54.0178|1|INFO|Microsoft.AspNetCore.Mvc.Internal.ControllerActionInvoker|Executing action method CityApp.Controllers.CityController.Update (CityApp) - Validation state: Valid 
2019-12-10 11:55:54.0178|2|INFO|Microsoft.AspNetCore.Mvc.Internal.ControllerActionInvoker|Executed action method CityApp.Controllers.CityController.Update (CityApp), returned result Microsoft.AspNetCore.Mvc.OkResult in 2.5304ms. 
2019-12-10 11:55:54.0303|1|INFO|Microsoft.AspNetCore.Mvc.StatusCodeResult|Executing HttpStatusCodeResult, setting HTTP status code 200 
2019-12-10 11:55:54.0303|2|INFO|Microsoft.AspNetCore.Mvc.Internal.ControllerActionInvoker|Executed action CityApp.Controllers.CityController.Update (CityApp) in 61.9415ms 
2019-12-10 11:55:54.0303|2|INFO|Microsoft.AspNetCore.Hosting.Internal.WebHost|Request finished in 99.162ms 200  
2019-12-10 11:56:02.2977|1|INFO|Microsoft.AspNetCore.Hosting.Internal.WebHost|Request starting HTTP/1.1 GET http://localhost:5000/cities/9da533e4f67541409ad0f627f71f1c02 application/json 110 
2019-12-10 11:56:02.3145|3|INFO|Microsoft.AspNetCore.Mvc.Internal.ControllerActionInvoker|Route matched with {action = "Get", controller = "City"}. Executing controller action with signature Microsoft.AspNetCore.Mvc.IActionResult Get(System.Guid) on controller CityApp.Controllers.CityController (CityApp). 
2019-12-10 11:56:02.3145|1|INFO|Microsoft.AspNetCore.Mvc.Internal.ControllerActionInvoker|Executing action method CityApp.Controllers.CityController.Get (CityApp) - Validation state: Valid 
2019-12-10 11:56:02.3145|2|INFO|Microsoft.AspNetCore.Mvc.Internal.ControllerActionInvoker|Executed action method CityApp.Controllers.CityController.Get (CityApp), returned result Microsoft.AspNetCore.Mvc.OkObjectResult in 2.1683ms. 
2019-12-10 11:56:02.3219|1|INFO|Microsoft.AspNetCore.Mvc.Infrastructure.ObjectResultExecutor|Executing ObjectResult, writing value of type 'CityApp.WiewModels.DetailCityViewModel'. 
2019-12-10 11:56:02.3219|2|INFO|Microsoft.AspNetCore.Mvc.Internal.ControllerActionInvoker|Executed action CityApp.Controllers.CityController.Get (CityApp) in 19.9143ms 
2019-12-10 11:56:02.3371|2|INFO|Microsoft.AspNetCore.Hosting.Internal.WebHost|Request finished in 39.4011ms 200 application/json; charset=utf-8 
2019-12-10 11:56:02.3371|32|INFO|Microsoft.AspNetCore.Server.Kestrel|Connection id "0HLRT9QIHEMGQ", Request id "0HLRT9QIHEMGQ:00000004": the application completed without reading the entire request body. 
